<?xml version="1.0" encoding="UTF-8"?>
<testsuite xmlns:xsi="http://www.w3.org/2001/XMLSchema-instance" xsi:noNamespaceSchemaLocation="https://maven.apache.org/surefire/maven-surefire-plugin/xsd/surefire-test-report.xsd" name="com.nocountry.powerfit.PowerfitApplicationTests" time="11.614" tests="1" errors="1" skipped="0" failures="0">
  <properties>
    <property name="java.specification.version" value="20"/>
    <property name="sun.cpu.isalist" value="amd64"/>
    <property name="sun.jnu.encoding" value="UTF-8"/>
    <property name="java.class.path" value="D:\C12-09-FT-Java-Angular\back-end\powerfit\target\test-classes;D:\C12-09-FT-Java-Angular\back-end\powerfit\target\classes;C:\Users\Copito\.m2\repository\org\springframework\boot\spring-boot-starter-data-jpa\2.7.13\spring-boot-starter-data-jpa-2.7.13.jar;C:\Users\Copito\.m2\repository\org\springframework\boot\spring-boot-starter-aop\2.7.13\spring-boot-starter-aop-2.7.13.jar;C:\Users\Copito\.m2\repository\org\aspectj\aspectjweaver\1.9.7\aspectjweaver-1.9.7.jar;C:\Users\Copito\.m2\repository\org\springframework\boot\spring-boot-starter-jdbc\2.7.13\spring-boot-starter-jdbc-2.7.13.jar;C:\Users\Copito\.m2\repository\com\zaxxer\HikariCP\4.0.3\HikariCP-4.0.3.jar;C:\Users\Copito\.m2\repository\org\springframework\spring-jdbc\5.3.28\spring-jdbc-5.3.28.jar;C:\Users\Copito\.m2\repository\jakarta\transaction\jakarta.transaction-api\1.3.3\jakarta.transaction-api-1.3.3.jar;C:\Users\Copito\.m2\repository\jakarta\persistence\jakarta.persistence-api\2.2.3\jakarta.persistence-api-2.2.3.jar;C:\Users\Copito\.m2\repository\org\hibernate\hibernate-core\5.6.15.Final\hibernate-core-5.6.15.Final.jar;C:\Users\Copito\.m2\repository\org\jboss\logging\jboss-logging\3.4.3.Final\jboss-logging-3.4.3.Final.jar;C:\Users\Copito\.m2\repository\net\bytebuddy\byte-buddy\1.12.23\byte-buddy-1.12.23.jar;C:\Users\Copito\.m2\repository\antlr\antlr\2.7.7\antlr-2.7.7.jar;C:\Users\Copito\.m2\repository\org\jboss\jandex\2.4.2.Final\jandex-2.4.2.Final.jar;C:\Users\Copito\.m2\repository\org\hibernate\common\hibernate-commons-annotations\5.1.2.Final\hibernate-commons-annotations-5.1.2.Final.jar;C:\Users\Copito\.m2\repository\org\glassfish\jaxb\jaxb-runtime\2.3.8\jaxb-runtime-2.3.8.jar;C:\Users\Copito\.m2\repository\org\glassfish\jaxb\txw2\2.3.8\txw2-2.3.8.jar;C:\Users\Copito\.m2\repository\com\sun\istack\istack-commons-runtime\3.0.12\istack-commons-runtime-3.0.12.jar;C:\Users\Copito\.m2\repository\com\sun\activation\jakarta.activation\1.2.2\jakarta.activation-1.2.2.jar;C:\Users\Copito\.m2\repository\org\springframework\data\spring-data-jpa\2.7.13\spring-data-jpa-2.7.13.jar;C:\Users\Copito\.m2\repository\org\springframework\data\spring-data-commons\2.7.13\spring-data-commons-2.7.13.jar;C:\Users\Copito\.m2\repository\org\springframework\spring-orm\5.3.28\spring-orm-5.3.28.jar;C:\Users\Copito\.m2\repository\org\springframework\spring-context\5.3.28\spring-context-5.3.28.jar;C:\Users\Copito\.m2\repository\org\springframework\spring-tx\5.3.28\spring-tx-5.3.28.jar;C:\Users\Copito\.m2\repository\org\springframework\spring-beans\5.3.28\spring-beans-5.3.28.jar;C:\Users\Copito\.m2\repository\org\springframework\spring-aspects\5.3.28\spring-aspects-5.3.28.jar;C:\Users\Copito\.m2\repository\org\springframework\boot\spring-boot-starter-web\2.7.13\spring-boot-starter-web-2.7.13.jar;C:\Users\Copito\.m2\repository\org\springframework\boot\spring-boot-starter\2.7.13\spring-boot-starter-2.7.13.jar;C:\Users\Copito\.m2\repository\org\springframework\boot\spring-boot-starter-logging\2.7.13\spring-boot-starter-logging-2.7.13.jar;C:\Users\Copito\.m2\repository\ch\qos\logback\logback-classic\1.2.12\logback-classic-1.2.12.jar;C:\Users\Copito\.m2\repository\ch\qos\logback\logback-core\1.2.12\logback-core-1.2.12.jar;C:\Users\Copito\.m2\repository\org\apache\logging\log4j\log4j-to-slf4j\2.17.2\log4j-to-slf4j-2.17.2.jar;C:\Users\Copito\.m2\repository\org\apache\logging\log4j\log4j-api\2.17.2\log4j-api-2.17.2.jar;C:\Users\Copito\.m2\repository\org\slf4j\jul-to-slf4j\1.7.36\jul-to-slf4j-1.7.36.jar;C:\Users\Copito\.m2\repository\jakarta\annotation\jakarta.annotation-api\1.3.5\jakarta.annotation-api-1.3.5.jar;C:\Users\Copito\.m2\repository\org\yaml\snakeyaml\1.30\snakeyaml-1.30.jar;C:\Users\Copito\.m2\repository\org\springframework\boot\spring-boot-starter-json\2.7.13\spring-boot-starter-json-2.7.13.jar;C:\Users\Copito\.m2\repository\com\fasterxml\jackson\datatype\jackson-datatype-jdk8\2.13.5\jackson-datatype-jdk8-2.13.5.jar;C:\Users\Copito\.m2\repository\com\fasterxml\jackson\datatype\jackson-datatype-jsr310\2.13.5\jackson-datatype-jsr310-2.13.5.jar;C:\Users\Copito\.m2\repository\com\fasterxml\jackson\module\jackson-module-parameter-names\2.13.5\jackson-module-parameter-names-2.13.5.jar;C:\Users\Copito\.m2\repository\org\springframework\boot\spring-boot-starter-tomcat\2.7.13\spring-boot-starter-tomcat-2.7.13.jar;C:\Users\Copito\.m2\repository\org\apache\tomcat\embed\tomcat-embed-core\9.0.76\tomcat-embed-core-9.0.76.jar;C:\Users\Copito\.m2\repository\org\apache\tomcat\embed\tomcat-embed-websocket\9.0.76\tomcat-embed-websocket-9.0.76.jar;C:\Users\Copito\.m2\repository\org\springframework\spring-web\5.3.28\spring-web-5.3.28.jar;C:\Users\Copito\.m2\repository\org\springframework\spring-webmvc\5.3.28\spring-webmvc-5.3.28.jar;C:\Users\Copito\.m2\repository\org\springframework\spring-expression\5.3.28\spring-expression-5.3.28.jar;C:\Users\Copito\.m2\repository\org\springframework\boot\spring-boot-starter-security\2.7.13\spring-boot-starter-security-2.7.13.jar;C:\Users\Copito\.m2\repository\org\springframework\spring-aop\5.3.28\spring-aop-5.3.28.jar;C:\Users\Copito\.m2\repository\org\springframework\security\spring-security-config\5.7.9\spring-security-config-5.7.9.jar;C:\Users\Copito\.m2\repository\org\springframework\security\spring-security-web\5.7.9\spring-security-web-5.7.9.jar;C:\Users\Copito\.m2\repository\org\springframework\security\spring-security-test\5.7.9\spring-security-test-5.7.9.jar;C:\Users\Copito\.m2\repository\org\springframework\security\spring-security-core\5.7.9\spring-security-core-5.7.9.jar;C:\Users\Copito\.m2\repository\org\springframework\security\spring-security-crypto\5.7.9\spring-security-crypto-5.7.9.jar;C:\Users\Copito\.m2\repository\org\springframework\spring-core\5.3.28\spring-core-5.3.28.jar;C:\Users\Copito\.m2\repository\org\springframework\spring-jcl\5.3.28\spring-jcl-5.3.28.jar;C:\Users\Copito\.m2\repository\org\springframework\spring-test\5.3.28\spring-test-5.3.28.jar;C:\Users\Copito\.m2\repository\org\springframework\boot\spring-boot-devtools\2.7.13\spring-boot-devtools-2.7.13.jar;C:\Users\Copito\.m2\repository\org\springframework\boot\spring-boot\2.7.13\spring-boot-2.7.13.jar;C:\Users\Copito\.m2\repository\org\springframework\boot\spring-boot-autoconfigure\2.7.13\spring-boot-autoconfigure-2.7.13.jar;C:\Users\Copito\.m2\repository\org\springframework\boot\spring-boot-starter-validation\2.7.13\spring-boot-starter-validation-2.7.13.jar;C:\Users\Copito\.m2\repository\org\apache\tomcat\embed\tomcat-embed-el\9.0.76\tomcat-embed-el-9.0.76.jar;C:\Users\Copito\.m2\repository\org\hibernate\validator\hibernate-validator\6.2.5.Final\hibernate-validator-6.2.5.Final.jar;C:\Users\Copito\.m2\repository\jakarta\validation\jakarta.validation-api\2.0.2\jakarta.validation-api-2.0.2.jar;C:\Users\Copito\.m2\repository\com\mysql\mysql-connector-j\8.0.33\mysql-connector-j-8.0.33.jar;C:\Users\Copito\.m2\repository\org\apache\httpcomponents\httpcore\4.4.15\httpcore-4.4.15.jar;C:\Users\Copito\.m2\repository\org\projectlombok\lombok\1.18.28\lombok-1.18.28.jar;C:\Users\Copito\.m2\repository\io\jsonwebtoken\jjwt-api\0.11.5\jjwt-api-0.11.5.jar;C:\Users\Copito\.m2\repository\io\jsonwebtoken\jjwt-impl\0.11.5\jjwt-impl-0.11.5.jar;C:\Users\Copito\.m2\repository\io\jsonwebtoken\jjwt-jackson\0.11.5\jjwt-jackson-0.11.5.jar;C:\Users\Copito\.m2\repository\com\fasterxml\jackson\core\jackson-databind\2.13.5\jackson-databind-2.13.5.jar;C:\Users\Copito\.m2\repository\com\fasterxml\jackson\core\jackson-annotations\2.13.5\jackson-annotations-2.13.5.jar;C:\Users\Copito\.m2\repository\com\fasterxml\jackson\core\jackson-core\2.13.5\jackson-core-2.13.5.jar;C:\Users\Copito\.m2\repository\org\springframework\boot\spring-boot-starter-test\2.7.13\spring-boot-starter-test-2.7.13.jar;C:\Users\Copito\.m2\repository\org\springframework\boot\spring-boot-test\2.7.13\spring-boot-test-2.7.13.jar;C:\Users\Copito\.m2\repository\org\springframework\boot\spring-boot-test-autoconfigure\2.7.13\spring-boot-test-autoconfigure-2.7.13.jar;C:\Users\Copito\.m2\repository\com\jayway\jsonpath\json-path\2.7.0\json-path-2.7.0.jar;C:\Users\Copito\.m2\repository\net\minidev\json-smart\2.4.11\json-smart-2.4.11.jar;C:\Users\Copito\.m2\repository\net\minidev\accessors-smart\2.4.11\accessors-smart-2.4.11.jar;C:\Users\Copito\.m2\repository\org\ow2\asm\asm\9.3\asm-9.3.jar;C:\Users\Copito\.m2\repository\jakarta\xml\bind\jakarta.xml.bind-api\2.3.3\jakarta.xml.bind-api-2.3.3.jar;C:\Users\Copito\.m2\repository\jakarta\activation\jakarta.activation-api\1.2.2\jakarta.activation-api-1.2.2.jar;C:\Users\Copito\.m2\repository\org\assertj\assertj-core\3.22.0\assertj-core-3.22.0.jar;C:\Users\Copito\.m2\repository\org\hamcrest\hamcrest\2.2\hamcrest-2.2.jar;C:\Users\Copito\.m2\repository\org\junit\jupiter\junit-jupiter\5.8.2\junit-jupiter-5.8.2.jar;C:\Users\Copito\.m2\repository\org\junit\jupiter\junit-jupiter-api\5.8.2\junit-jupiter-api-5.8.2.jar;C:\Users\Copito\.m2\repository\org\opentest4j\opentest4j\1.2.0\opentest4j-1.2.0.jar;C:\Users\Copito\.m2\repository\org\junit\platform\junit-platform-commons\1.8.2\junit-platform-commons-1.8.2.jar;C:\Users\Copito\.m2\repository\org\apiguardian\apiguardian-api\1.1.2\apiguardian-api-1.1.2.jar;C:\Users\Copito\.m2\repository\org\junit\jupiter\junit-jupiter-params\5.8.2\junit-jupiter-params-5.8.2.jar;C:\Users\Copito\.m2\repository\org\junit\jupiter\junit-jupiter-engine\5.8.2\junit-jupiter-engine-5.8.2.jar;C:\Users\Copito\.m2\repository\org\junit\platform\junit-platform-engine\1.8.2\junit-platform-engine-1.8.2.jar;C:\Users\Copito\.m2\repository\org\mockito\mockito-core\4.5.1\mockito-core-4.5.1.jar;C:\Users\Copito\.m2\repository\net\bytebuddy\byte-buddy-agent\1.12.23\byte-buddy-agent-1.12.23.jar;C:\Users\Copito\.m2\repository\org\objenesis\objenesis\3.2\objenesis-3.2.jar;C:\Users\Copito\.m2\repository\org\mockito\mockito-junit-jupiter\4.5.1\mockito-junit-jupiter-4.5.1.jar;C:\Users\Copito\.m2\repository\org\skyscreamer\jsonassert\1.5.1\jsonassert-1.5.1.jar;C:\Users\Copito\.m2\repository\com\vaadin\external\google\android-json\0.0.20131108.vaadin1\android-json-0.0.20131108.vaadin1.jar;C:\Users\Copito\.m2\repository\org\xmlunit\xmlunit-core\2.9.1\xmlunit-core-2.9.1.jar;C:\Users\Copito\.m2\repository\io\springfox\springfox-swagger2\3.0.0\springfox-swagger2-3.0.0.jar;C:\Users\Copito\.m2\repository\io\springfox\springfox-spi\3.0.0\springfox-spi-3.0.0.jar;C:\Users\Copito\.m2\repository\io\springfox\springfox-core\3.0.0\springfox-core-3.0.0.jar;C:\Users\Copito\.m2\repository\io\springfox\springfox-schema\3.0.0\springfox-schema-3.0.0.jar;C:\Users\Copito\.m2\repository\io\springfox\springfox-swagger-common\3.0.0\springfox-swagger-common-3.0.0.jar;C:\Users\Copito\.m2\repository\io\swagger\core\v3\swagger-annotations\2.1.2\swagger-annotations-2.1.2.jar;C:\Users\Copito\.m2\repository\io\springfox\springfox-spring-web\3.0.0\springfox-spring-web-3.0.0.jar;C:\Users\Copito\.m2\repository\io\github\classgraph\classgraph\4.8.83\classgraph-4.8.83.jar;C:\Users\Copito\.m2\repository\io\springfox\springfox-spring-webmvc\3.0.0\springfox-spring-webmvc-3.0.0.jar;C:\Users\Copito\.m2\repository\io\springfox\springfox-spring-webflux\3.0.0\springfox-spring-webflux-3.0.0.jar;C:\Users\Copito\.m2\repository\com\fasterxml\classmate\1.5.1\classmate-1.5.1.jar;C:\Users\Copito\.m2\repository\org\slf4j\slf4j-api\1.7.36\slf4j-api-1.7.36.jar;C:\Users\Copito\.m2\repository\org\springframework\plugin\spring-plugin-core\2.0.0.RELEASE\spring-plugin-core-2.0.0.RELEASE.jar;C:\Users\Copito\.m2\repository\org\springframework\plugin\spring-plugin-metadata\2.0.0.RELEASE\spring-plugin-metadata-2.0.0.RELEASE.jar;C:\Users\Copito\.m2\repository\io\swagger\swagger-annotations\1.5.20\swagger-annotations-1.5.20.jar;C:\Users\Copito\.m2\repository\io\swagger\swagger-models\1.5.20\swagger-models-1.5.20.jar;C:\Users\Copito\.m2\repository\org\mapstruct\mapstruct\1.3.1.Final\mapstruct-1.3.1.Final.jar;C:\Users\Copito\.m2\repository\io\springfox\springfox-swagger-ui\2.9.2\springfox-swagger-ui-2.9.2.jar;C:\Users\Copito\.m2\repository\com\amazonaws\aws-java-sdk\1.11.133\aws-java-sdk-1.11.133.jar;C:\Users\Copito\.m2\repository\com\amazonaws\aws-java-sdk-athena\1.11.133\aws-java-sdk-athena-1.11.133.jar;C:\Users\Copito\.m2\repository\com\amazonaws\jmespath-java\1.11.133\jmespath-java-1.11.133.jar;C:\Users\Copito\.m2\repository\com\amazonaws\aws-java-sdk-marketplaceentitlement\1.11.133\aws-java-sdk-marketplaceentitlement-1.11.133.jar;C:\Users\Copito\.m2\repository\com\amazonaws\aws-java-sdk-codestar\1.11.133\aws-java-sdk-codestar-1.11.133.jar;C:\Users\Copito\.m2\repository\com\amazonaws\aws-java-sdk-lexmodelbuilding\1.11.133\aws-java-sdk-lexmodelbuilding-1.11.133.jar;C:\Users\Copito\.m2\repository\com\amazonaws\aws-java-sdk-resourcegroupstaggingapi\1.11.133\aws-java-sdk-resourcegroupstaggingapi-1.11.133.jar;C:\Users\Copito\.m2\repository\com\amazonaws\aws-java-sdk-pinpoint\1.11.133\aws-java-sdk-pinpoint-1.11.133.jar;C:\Users\Copito\.m2\repository\com\amazonaws\aws-java-sdk-xray\1.11.133\aws-java-sdk-xray-1.11.133.jar;C:\Users\Copito\.m2\repository\com\amazonaws\aws-java-sdk-opsworkscm\1.11.133\aws-java-sdk-opsworkscm-1.11.133.jar;C:\Users\Copito\.m2\repository\com\amazonaws\aws-java-sdk-support\1.11.133\aws-java-sdk-support-1.11.133.jar;C:\Users\Copito\.m2\repository\com\amazonaws\aws-java-sdk-simpledb\1.11.133\aws-java-sdk-simpledb-1.11.133.jar;C:\Users\Copito\.m2\repository\com\amazonaws\aws-java-sdk-servicecatalog\1.11.133\aws-java-sdk-servicecatalog-1.11.133.jar;C:\Users\Copito\.m2\repository\com\amazonaws\aws-java-sdk-servermigration\1.11.133\aws-java-sdk-servermigration-1.11.133.jar;C:\Users\Copito\.m2\repository\com\amazonaws\aws-java-sdk-simpleworkflow\1.11.133\aws-java-sdk-simpleworkflow-1.11.133.jar;C:\Users\Copito\.m2\repository\com\amazonaws\aws-java-sdk-storagegateway\1.11.133\aws-java-sdk-storagegateway-1.11.133.jar;C:\Users\Copito\.m2\repository\com\amazonaws\aws-java-sdk-route53\1.11.133\aws-java-sdk-route53-1.11.133.jar;C:\Users\Copito\.m2\repository\com\amazonaws\aws-java-sdk-s3\1.11.133\aws-java-sdk-s3-1.11.133.jar;C:\Users\Copito\.m2\repository\com\amazonaws\aws-java-sdk-importexport\1.11.133\aws-java-sdk-importexport-1.11.133.jar;C:\Users\Copito\.m2\repository\com\amazonaws\aws-java-sdk-sts\1.11.133\aws-java-sdk-sts-1.11.133.jar;C:\Users\Copito\.m2\repository\com\amazonaws\aws-java-sdk-sqs\1.11.133\aws-java-sdk-sqs-1.11.133.jar;C:\Users\Copito\.m2\repository\com\amazonaws\aws-java-sdk-rds\1.11.133\aws-java-sdk-rds-1.11.133.jar;C:\Users\Copito\.m2\repository\com\amazonaws\aws-java-sdk-redshift\1.11.133\aws-java-sdk-redshift-1.11.133.jar;C:\Users\Copito\.m2\repository\com\amazonaws\aws-java-sdk-elasticbeanstalk\1.11.133\aws-java-sdk-elasticbeanstalk-1.11.133.jar;C:\Users\Copito\.m2\repository\com\amazonaws\aws-java-sdk-glacier\1.11.133\aws-java-sdk-glacier-1.11.133.jar;C:\Users\Copito\.m2\repository\com\amazonaws\aws-java-sdk-iam\1.11.133\aws-java-sdk-iam-1.11.133.jar;C:\Users\Copito\.m2\repository\com\amazonaws\aws-java-sdk-datapipeline\1.11.133\aws-java-sdk-datapipeline-1.11.133.jar;C:\Users\Copito\.m2\repository\com\amazonaws\aws-java-sdk-elasticloadbalancing\1.11.133\aws-java-sdk-elasticloadbalancing-1.11.133.jar;C:\Users\Copito\.m2\repository\com\amazonaws\aws-java-sdk-elasticloadbalancingv2\1.11.133\aws-java-sdk-elasticloadbalancingv2-1.11.133.jar;C:\Users\Copito\.m2\repository\com\amazonaws\aws-java-sdk-emr\1.11.133\aws-java-sdk-emr-1.11.133.jar;C:\Users\Copito\.m2\repository\com\amazonaws\aws-java-sdk-elasticache\1.11.133\aws-java-sdk-elasticache-1.11.133.jar;C:\Users\Copito\.m2\repository\com\amazonaws\aws-java-sdk-elastictranscoder\1.11.133\aws-java-sdk-elastictranscoder-1.11.133.jar;C:\Users\Copito\.m2\repository\com\amazonaws\aws-java-sdk-ec2\1.11.133\aws-java-sdk-ec2-1.11.133.jar;C:\Users\Copito\.m2\repository\com\amazonaws\aws-java-sdk-dynamodb\1.11.133\aws-java-sdk-dynamodb-1.11.133.jar;C:\Users\Copito\.m2\repository\com\amazonaws\aws-java-sdk-sns\1.11.133\aws-java-sdk-sns-1.11.133.jar;C:\Users\Copito\.m2\repository\com\amazonaws\aws-java-sdk-budgets\1.11.133\aws-java-sdk-budgets-1.11.133.jar;C:\Users\Copito\.m2\repository\com\amazonaws\aws-java-sdk-cloudtrail\1.11.133\aws-java-sdk-cloudtrail-1.11.133.jar;C:\Users\Copito\.m2\repository\com\amazonaws\aws-java-sdk-cloudwatch\1.11.133\aws-java-sdk-cloudwatch-1.11.133.jar;C:\Users\Copito\.m2\repository\com\amazonaws\aws-java-sdk-logs\1.11.133\aws-java-sdk-logs-1.11.133.jar;C:\Users\Copito\.m2\repository\com\amazonaws\aws-java-sdk-events\1.11.133\aws-java-sdk-events-1.11.133.jar;C:\Users\Copito\.m2\repository\com\amazonaws\aws-java-sdk-cognitoidentity\1.11.133\aws-java-sdk-cognitoidentity-1.11.133.jar;C:\Users\Copito\.m2\repository\com\amazonaws\aws-java-sdk-cognitosync\1.11.133\aws-java-sdk-cognitosync-1.11.133.jar;C:\Users\Copito\.m2\repository\com\amazonaws\aws-java-sdk-directconnect\1.11.133\aws-java-sdk-directconnect-1.11.133.jar;C:\Users\Copito\.m2\repository\com\amazonaws\aws-java-sdk-cloudformation\1.11.133\aws-java-sdk-cloudformation-1.11.133.jar;C:\Users\Copito\.m2\repository\com\amazonaws\aws-java-sdk-cloudfront\1.11.133\aws-java-sdk-cloudfront-1.11.133.jar;C:\Users\Copito\.m2\repository\com\amazonaws\aws-java-sdk-clouddirectory\1.11.133\aws-java-sdk-clouddirectory-1.11.133.jar;C:\Users\Copito\.m2\repository\com\amazonaws\aws-java-sdk-kinesis\1.11.133\aws-java-sdk-kinesis-1.11.133.jar;C:\Users\Copito\.m2\repository\com\amazonaws\aws-java-sdk-opsworks\1.11.133\aws-java-sdk-opsworks-1.11.133.jar;C:\Users\Copito\.m2\repository\com\amazonaws\aws-java-sdk-ses\1.11.133\aws-java-sdk-ses-1.11.133.jar;C:\Users\Copito\.m2\repository\com\amazonaws\aws-java-sdk-autoscaling\1.11.133\aws-java-sdk-autoscaling-1.11.133.jar;C:\Users\Copito\.m2\repository\com\amazonaws\aws-java-sdk-cloudsearch\1.11.133\aws-java-sdk-cloudsearch-1.11.133.jar;C:\Users\Copito\.m2\repository\com\amazonaws\aws-java-sdk-cloudwatchmetrics\1.11.133\aws-java-sdk-cloudwatchmetrics-1.11.133.jar;C:\Users\Copito\.m2\repository\com\amazonaws\aws-java-sdk-codedeploy\1.11.133\aws-java-sdk-codedeploy-1.11.133.jar;C:\Users\Copito\.m2\repository\com\amazonaws\aws-java-sdk-codepipeline\1.11.133\aws-java-sdk-codepipeline-1.11.133.jar;C:\Users\Copito\.m2\repository\com\amazonaws\aws-java-sdk-kms\1.11.133\aws-java-sdk-kms-1.11.133.jar;C:\Users\Copito\.m2\repository\com\amazonaws\aws-java-sdk-config\1.11.133\aws-java-sdk-config-1.11.133.jar;C:\Users\Copito\.m2\repository\com\amazonaws\aws-java-sdk-lambda\1.11.133\aws-java-sdk-lambda-1.11.133.jar;C:\Users\Copito\.m2\repository\com\amazonaws\aws-java-sdk-ecs\1.11.133\aws-java-sdk-ecs-1.11.133.jar;C:\Users\Copito\.m2\repository\com\amazonaws\aws-java-sdk-ecr\1.11.133\aws-java-sdk-ecr-1.11.133.jar;C:\Users\Copito\.m2\repository\com\amazonaws\aws-java-sdk-cloudhsm\1.11.133\aws-java-sdk-cloudhsm-1.11.133.jar;C:\Users\Copito\.m2\repository\com\amazonaws\aws-java-sdk-ssm\1.11.133\aws-java-sdk-ssm-1.11.133.jar;C:\Users\Copito\.m2\repository\com\amazonaws\aws-java-sdk-workspaces\1.11.133\aws-java-sdk-workspaces-1.11.133.jar;C:\Users\Copito\.m2\repository\com\amazonaws\aws-java-sdk-machinelearning\1.11.133\aws-java-sdk-machinelearning-1.11.133.jar;C:\Users\Copito\.m2\repository\com\amazonaws\aws-java-sdk-directory\1.11.133\aws-java-sdk-directory-1.11.133.jar;C:\Users\Copito\.m2\repository\com\amazonaws\aws-java-sdk-efs\1.11.133\aws-java-sdk-efs-1.11.133.jar;C:\Users\Copito\.m2\repository\com\amazonaws\aws-java-sdk-codecommit\1.11.133\aws-java-sdk-codecommit-1.11.133.jar;C:\Users\Copito\.m2\repository\com\amazonaws\aws-java-sdk-devicefarm\1.11.133\aws-java-sdk-devicefarm-1.11.133.jar;C:\Users\Copito\.m2\repository\com\amazonaws\aws-java-sdk-elasticsearch\1.11.133\aws-java-sdk-elasticsearch-1.11.133.jar;C:\Users\Copito\.m2\repository\com\amazonaws\aws-java-sdk-waf\1.11.133\aws-java-sdk-waf-1.11.133.jar;C:\Users\Copito\.m2\repository\com\amazonaws\aws-java-sdk-marketplacecommerceanalytics\1.11.133\aws-java-sdk-marketplacecommerceanalytics-1.11.133.jar;C:\Users\Copito\.m2\repository\com\amazonaws\aws-java-sdk-inspector\1.11.133\aws-java-sdk-inspector-1.11.133.jar;C:\Users\Copito\.m2\repository\com\amazonaws\aws-java-sdk-iot\1.11.133\aws-java-sdk-iot-1.11.133.jar;C:\Users\Copito\.m2\repository\com\amazonaws\aws-java-sdk-api-gateway\1.11.133\aws-java-sdk-api-gateway-1.11.133.jar;C:\Users\Copito\.m2\repository\com\amazonaws\aws-java-sdk-acm\1.11.133\aws-java-sdk-acm-1.11.133.jar;C:\Users\Copito\.m2\repository\com\amazonaws\aws-java-sdk-gamelift\1.11.133\aws-java-sdk-gamelift-1.11.133.jar;C:\Users\Copito\.m2\repository\com\amazonaws\aws-java-sdk-dms\1.11.133\aws-java-sdk-dms-1.11.133.jar;C:\Users\Copito\.m2\repository\com\amazonaws\aws-java-sdk-marketplacemeteringservice\1.11.133\aws-java-sdk-marketplacemeteringservice-1.11.133.jar;C:\Users\Copito\.m2\repository\com\amazonaws\aws-java-sdk-cognitoidp\1.11.133\aws-java-sdk-cognitoidp-1.11.133.jar;C:\Users\Copito\.m2\repository\com\amazonaws\aws-java-sdk-discovery\1.11.133\aws-java-sdk-discovery-1.11.133.jar;C:\Users\Copito\.m2\repository\com\amazonaws\aws-java-sdk-applicationautoscaling\1.11.133\aws-java-sdk-applicationautoscaling-1.11.133.jar;C:\Users\Copito\.m2\repository\com\amazonaws\aws-java-sdk-snowball\1.11.133\aws-java-sdk-snowball-1.11.133.jar;C:\Users\Copito\.m2\repository\com\amazonaws\aws-java-sdk-rekognition\1.11.133\aws-java-sdk-rekognition-1.11.133.jar;C:\Users\Copito\.m2\repository\com\amazonaws\aws-java-sdk-polly\1.11.133\aws-java-sdk-polly-1.11.133.jar;C:\Users\Copito\.m2\repository\com\amazonaws\aws-java-sdk-lightsail\1.11.133\aws-java-sdk-lightsail-1.11.133.jar;C:\Users\Copito\.m2\repository\com\amazonaws\aws-java-sdk-stepfunctions\1.11.133\aws-java-sdk-stepfunctions-1.11.133.jar;C:\Users\Copito\.m2\repository\com\amazonaws\aws-java-sdk-health\1.11.133\aws-java-sdk-health-1.11.133.jar;C:\Users\Copito\.m2\repository\com\amazonaws\aws-java-sdk-costandusagereport\1.11.133\aws-java-sdk-costandusagereport-1.11.133.jar;C:\Users\Copito\.m2\repository\com\amazonaws\aws-java-sdk-codebuild\1.11.133\aws-java-sdk-codebuild-1.11.133.jar;C:\Users\Copito\.m2\repository\com\amazonaws\aws-java-sdk-appstream\1.11.133\aws-java-sdk-appstream-1.11.133.jar;C:\Users\Copito\.m2\repository\com\amazonaws\aws-java-sdk-shield\1.11.133\aws-java-sdk-shield-1.11.133.jar;C:\Users\Copito\.m2\repository\com\amazonaws\aws-java-sdk-batch\1.11.133\aws-java-sdk-batch-1.11.133.jar;C:\Users\Copito\.m2\repository\com\amazonaws\aws-java-sdk-lex\1.11.133\aws-java-sdk-lex-1.11.133.jar;C:\Users\Copito\.m2\repository\com\amazonaws\aws-java-sdk-mechanicalturkrequester\1.11.133\aws-java-sdk-mechanicalturkrequester-1.11.133.jar;C:\Users\Copito\.m2\repository\com\amazonaws\aws-java-sdk-organizations\1.11.133\aws-java-sdk-organizations-1.11.133.jar;C:\Users\Copito\.m2\repository\com\amazonaws\aws-java-sdk-workdocs\1.11.133\aws-java-sdk-workdocs-1.11.133.jar;C:\Users\Copito\.m2\repository\com\amazonaws\aws-java-sdk-core\1.11.133\aws-java-sdk-core-1.11.133.jar;C:\Users\Copito\.m2\repository\commons-logging\commons-logging\1.1.3\commons-logging-1.1.3.jar;C:\Users\Copito\.m2\repository\org\apache\httpcomponents\httpclient\4.5.14\httpclient-4.5.14.jar;C:\Users\Copito\.m2\repository\commons-codec\commons-codec\1.15\commons-codec-1.15.jar;C:\Users\Copito\.m2\repository\software\amazon\ion\ion-java\1.0.2\ion-java-1.0.2.jar;C:\Users\Copito\.m2\repository\com\fasterxml\jackson\dataformat\jackson-dataformat-cbor\2.13.5\jackson-dataformat-cbor-2.13.5.jar;C:\Users\Copito\.m2\repository\joda-time\joda-time\2.8.1\joda-time-2.8.1.jar;C:\Users\Copito\.m2\repository\com\amazonaws\aws-java-sdk-models\1.11.133\aws-java-sdk-models-1.11.133.jar;C:\Users\Copito\.m2\repository\com\amazonaws\aws-java-sdk-swf-libraries\1.11.22\aws-java-sdk-swf-libraries-1.11.22.jar;"/>
    <property name="java.vm.vendor" value="Oracle Corporation"/>
    <property name="sun.arch.data.model" value="64"/>
    <property name="user.variant" value=""/>
    <property name="java.vendor.url" value="https://java.oracle.com/"/>
    <property name="user.timezone" value="America/Bogota"/>
    <property name="os.name" value="Windows 11"/>
    <property name="java.vm.specification.version" value="20"/>
    <property name="sun.java.launcher" value="SUN_STANDARD"/>
    <property name="user.country" value="CO"/>
    <property name="sun.boot.library.path" value="D:\Java Jdk\jdk-20\bin"/>
    <property name="sun.java.command" value="C:\Users\Copito\AppData\Local\Temp\surefire16309318970579538518\surefirebooter15491911252096109174.jar C:\Users\Copito\AppData\Local\Temp\surefire16309318970579538518 2023-07-18T19-03-35_227-jvmRun1 surefire17535233605331573538tmp surefire_04612829537372963557tmp"/>
    <property name="jdk.debug" value="release"/>
    <property name="surefire.test.class.path" value="D:\C12-09-FT-Java-Angular\back-end\powerfit\target\test-classes;D:\C12-09-FT-Java-Angular\back-end\powerfit\target\classes;C:\Users\Copito\.m2\repository\org\springframework\boot\spring-boot-starter-data-jpa\2.7.13\spring-boot-starter-data-jpa-2.7.13.jar;C:\Users\Copito\.m2\repository\org\springframework\boot\spring-boot-starter-aop\2.7.13\spring-boot-starter-aop-2.7.13.jar;C:\Users\Copito\.m2\repository\org\aspectj\aspectjweaver\1.9.7\aspectjweaver-1.9.7.jar;C:\Users\Copito\.m2\repository\org\springframework\boot\spring-boot-starter-jdbc\2.7.13\spring-boot-starter-jdbc-2.7.13.jar;C:\Users\Copito\.m2\repository\com\zaxxer\HikariCP\4.0.3\HikariCP-4.0.3.jar;C:\Users\Copito\.m2\repository\org\springframework\spring-jdbc\5.3.28\spring-jdbc-5.3.28.jar;C:\Users\Copito\.m2\repository\jakarta\transaction\jakarta.transaction-api\1.3.3\jakarta.transaction-api-1.3.3.jar;C:\Users\Copito\.m2\repository\jakarta\persistence\jakarta.persistence-api\2.2.3\jakarta.persistence-api-2.2.3.jar;C:\Users\Copito\.m2\repository\org\hibernate\hibernate-core\5.6.15.Final\hibernate-core-5.6.15.Final.jar;C:\Users\Copito\.m2\repository\org\jboss\logging\jboss-logging\3.4.3.Final\jboss-logging-3.4.3.Final.jar;C:\Users\Copito\.m2\repository\net\bytebuddy\byte-buddy\1.12.23\byte-buddy-1.12.23.jar;C:\Users\Copito\.m2\repository\antlr\antlr\2.7.7\antlr-2.7.7.jar;C:\Users\Copito\.m2\repository\org\jboss\jandex\2.4.2.Final\jandex-2.4.2.Final.jar;C:\Users\Copito\.m2\repository\org\hibernate\common\hibernate-commons-annotations\5.1.2.Final\hibernate-commons-annotations-5.1.2.Final.jar;C:\Users\Copito\.m2\repository\org\glassfish\jaxb\jaxb-runtime\2.3.8\jaxb-runtime-2.3.8.jar;C:\Users\Copito\.m2\repository\org\glassfish\jaxb\txw2\2.3.8\txw2-2.3.8.jar;C:\Users\Copito\.m2\repository\com\sun\istack\istack-commons-runtime\3.0.12\istack-commons-runtime-3.0.12.jar;C:\Users\Copito\.m2\repository\com\sun\activation\jakarta.activation\1.2.2\jakarta.activation-1.2.2.jar;C:\Users\Copito\.m2\repository\org\springframework\data\spring-data-jpa\2.7.13\spring-data-jpa-2.7.13.jar;C:\Users\Copito\.m2\repository\org\springframework\data\spring-data-commons\2.7.13\spring-data-commons-2.7.13.jar;C:\Users\Copito\.m2\repository\org\springframework\spring-orm\5.3.28\spring-orm-5.3.28.jar;C:\Users\Copito\.m2\repository\org\springframework\spring-context\5.3.28\spring-context-5.3.28.jar;C:\Users\Copito\.m2\repository\org\springframework\spring-tx\5.3.28\spring-tx-5.3.28.jar;C:\Users\Copito\.m2\repository\org\springframework\spring-beans\5.3.28\spring-beans-5.3.28.jar;C:\Users\Copito\.m2\repository\org\springframework\spring-aspects\5.3.28\spring-aspects-5.3.28.jar;C:\Users\Copito\.m2\repository\org\springframework\boot\spring-boot-starter-web\2.7.13\spring-boot-starter-web-2.7.13.jar;C:\Users\Copito\.m2\repository\org\springframework\boot\spring-boot-starter\2.7.13\spring-boot-starter-2.7.13.jar;C:\Users\Copito\.m2\repository\org\springframework\boot\spring-boot-starter-logging\2.7.13\spring-boot-starter-logging-2.7.13.jar;C:\Users\Copito\.m2\repository\ch\qos\logback\logback-classic\1.2.12\logback-classic-1.2.12.jar;C:\Users\Copito\.m2\repository\ch\qos\logback\logback-core\1.2.12\logback-core-1.2.12.jar;C:\Users\Copito\.m2\repository\org\apache\logging\log4j\log4j-to-slf4j\2.17.2\log4j-to-slf4j-2.17.2.jar;C:\Users\Copito\.m2\repository\org\apache\logging\log4j\log4j-api\2.17.2\log4j-api-2.17.2.jar;C:\Users\Copito\.m2\repository\org\slf4j\jul-to-slf4j\1.7.36\jul-to-slf4j-1.7.36.jar;C:\Users\Copito\.m2\repository\jakarta\annotation\jakarta.annotation-api\1.3.5\jakarta.annotation-api-1.3.5.jar;C:\Users\Copito\.m2\repository\org\yaml\snakeyaml\1.30\snakeyaml-1.30.jar;C:\Users\Copito\.m2\repository\org\springframework\boot\spring-boot-starter-json\2.7.13\spring-boot-starter-json-2.7.13.jar;C:\Users\Copito\.m2\repository\com\fasterxml\jackson\datatype\jackson-datatype-jdk8\2.13.5\jackson-datatype-jdk8-2.13.5.jar;C:\Users\Copito\.m2\repository\com\fasterxml\jackson\datatype\jackson-datatype-jsr310\2.13.5\jackson-datatype-jsr310-2.13.5.jar;C:\Users\Copito\.m2\repository\com\fasterxml\jackson\module\jackson-module-parameter-names\2.13.5\jackson-module-parameter-names-2.13.5.jar;C:\Users\Copito\.m2\repository\org\springframework\boot\spring-boot-starter-tomcat\2.7.13\spring-boot-starter-tomcat-2.7.13.jar;C:\Users\Copito\.m2\repository\org\apache\tomcat\embed\tomcat-embed-core\9.0.76\tomcat-embed-core-9.0.76.jar;C:\Users\Copito\.m2\repository\org\apache\tomcat\embed\tomcat-embed-websocket\9.0.76\tomcat-embed-websocket-9.0.76.jar;C:\Users\Copito\.m2\repository\org\springframework\spring-web\5.3.28\spring-web-5.3.28.jar;C:\Users\Copito\.m2\repository\org\springframework\spring-webmvc\5.3.28\spring-webmvc-5.3.28.jar;C:\Users\Copito\.m2\repository\org\springframework\spring-expression\5.3.28\spring-expression-5.3.28.jar;C:\Users\Copito\.m2\repository\org\springframework\boot\spring-boot-starter-security\2.7.13\spring-boot-starter-security-2.7.13.jar;C:\Users\Copito\.m2\repository\org\springframework\spring-aop\5.3.28\spring-aop-5.3.28.jar;C:\Users\Copito\.m2\repository\org\springframework\security\spring-security-config\5.7.9\spring-security-config-5.7.9.jar;C:\Users\Copito\.m2\repository\org\springframework\security\spring-security-web\5.7.9\spring-security-web-5.7.9.jar;C:\Users\Copito\.m2\repository\org\springframework\security\spring-security-test\5.7.9\spring-security-test-5.7.9.jar;C:\Users\Copito\.m2\repository\org\springframework\security\spring-security-core\5.7.9\spring-security-core-5.7.9.jar;C:\Users\Copito\.m2\repository\org\springframework\security\spring-security-crypto\5.7.9\spring-security-crypto-5.7.9.jar;C:\Users\Copito\.m2\repository\org\springframework\spring-core\5.3.28\spring-core-5.3.28.jar;C:\Users\Copito\.m2\repository\org\springframework\spring-jcl\5.3.28\spring-jcl-5.3.28.jar;C:\Users\Copito\.m2\repository\org\springframework\spring-test\5.3.28\spring-test-5.3.28.jar;C:\Users\Copito\.m2\repository\org\springframework\boot\spring-boot-devtools\2.7.13\spring-boot-devtools-2.7.13.jar;C:\Users\Copito\.m2\repository\org\springframework\boot\spring-boot\2.7.13\spring-boot-2.7.13.jar;C:\Users\Copito\.m2\repository\org\springframework\boot\spring-boot-autoconfigure\2.7.13\spring-boot-autoconfigure-2.7.13.jar;C:\Users\Copito\.m2\repository\org\springframework\boot\spring-boot-starter-validation\2.7.13\spring-boot-starter-validation-2.7.13.jar;C:\Users\Copito\.m2\repository\org\apache\tomcat\embed\tomcat-embed-el\9.0.76\tomcat-embed-el-9.0.76.jar;C:\Users\Copito\.m2\repository\org\hibernate\validator\hibernate-validator\6.2.5.Final\hibernate-validator-6.2.5.Final.jar;C:\Users\Copito\.m2\repository\jakarta\validation\jakarta.validation-api\2.0.2\jakarta.validation-api-2.0.2.jar;C:\Users\Copito\.m2\repository\com\mysql\mysql-connector-j\8.0.33\mysql-connector-j-8.0.33.jar;C:\Users\Copito\.m2\repository\org\apache\httpcomponents\httpcore\4.4.15\httpcore-4.4.15.jar;C:\Users\Copito\.m2\repository\org\projectlombok\lombok\1.18.28\lombok-1.18.28.jar;C:\Users\Copito\.m2\repository\io\jsonwebtoken\jjwt-api\0.11.5\jjwt-api-0.11.5.jar;C:\Users\Copito\.m2\repository\io\jsonwebtoken\jjwt-impl\0.11.5\jjwt-impl-0.11.5.jar;C:\Users\Copito\.m2\repository\io\jsonwebtoken\jjwt-jackson\0.11.5\jjwt-jackson-0.11.5.jar;C:\Users\Copito\.m2\repository\com\fasterxml\jackson\core\jackson-databind\2.13.5\jackson-databind-2.13.5.jar;C:\Users\Copito\.m2\repository\com\fasterxml\jackson\core\jackson-annotations\2.13.5\jackson-annotations-2.13.5.jar;C:\Users\Copito\.m2\repository\com\fasterxml\jackson\core\jackson-core\2.13.5\jackson-core-2.13.5.jar;C:\Users\Copito\.m2\repository\org\springframework\boot\spring-boot-starter-test\2.7.13\spring-boot-starter-test-2.7.13.jar;C:\Users\Copito\.m2\repository\org\springframework\boot\spring-boot-test\2.7.13\spring-boot-test-2.7.13.jar;C:\Users\Copito\.m2\repository\org\springframework\boot\spring-boot-test-autoconfigure\2.7.13\spring-boot-test-autoconfigure-2.7.13.jar;C:\Users\Copito\.m2\repository\com\jayway\jsonpath\json-path\2.7.0\json-path-2.7.0.jar;C:\Users\Copito\.m2\repository\net\minidev\json-smart\2.4.11\json-smart-2.4.11.jar;C:\Users\Copito\.m2\repository\net\minidev\accessors-smart\2.4.11\accessors-smart-2.4.11.jar;C:\Users\Copito\.m2\repository\org\ow2\asm\asm\9.3\asm-9.3.jar;C:\Users\Copito\.m2\repository\jakarta\xml\bind\jakarta.xml.bind-api\2.3.3\jakarta.xml.bind-api-2.3.3.jar;C:\Users\Copito\.m2\repository\jakarta\activation\jakarta.activation-api\1.2.2\jakarta.activation-api-1.2.2.jar;C:\Users\Copito\.m2\repository\org\assertj\assertj-core\3.22.0\assertj-core-3.22.0.jar;C:\Users\Copito\.m2\repository\org\hamcrest\hamcrest\2.2\hamcrest-2.2.jar;C:\Users\Copito\.m2\repository\org\junit\jupiter\junit-jupiter\5.8.2\junit-jupiter-5.8.2.jar;C:\Users\Copito\.m2\repository\org\junit\jupiter\junit-jupiter-api\5.8.2\junit-jupiter-api-5.8.2.jar;C:\Users\Copito\.m2\repository\org\opentest4j\opentest4j\1.2.0\opentest4j-1.2.0.jar;C:\Users\Copito\.m2\repository\org\junit\platform\junit-platform-commons\1.8.2\junit-platform-commons-1.8.2.jar;C:\Users\Copito\.m2\repository\org\apiguardian\apiguardian-api\1.1.2\apiguardian-api-1.1.2.jar;C:\Users\Copito\.m2\repository\org\junit\jupiter\junit-jupiter-params\5.8.2\junit-jupiter-params-5.8.2.jar;C:\Users\Copito\.m2\repository\org\junit\jupiter\junit-jupiter-engine\5.8.2\junit-jupiter-engine-5.8.2.jar;C:\Users\Copito\.m2\repository\org\junit\platform\junit-platform-engine\1.8.2\junit-platform-engine-1.8.2.jar;C:\Users\Copito\.m2\repository\org\mockito\mockito-core\4.5.1\mockito-core-4.5.1.jar;C:\Users\Copito\.m2\repository\net\bytebuddy\byte-buddy-agent\1.12.23\byte-buddy-agent-1.12.23.jar;C:\Users\Copito\.m2\repository\org\objenesis\objenesis\3.2\objenesis-3.2.jar;C:\Users\Copito\.m2\repository\org\mockito\mockito-junit-jupiter\4.5.1\mockito-junit-jupiter-4.5.1.jar;C:\Users\Copito\.m2\repository\org\skyscreamer\jsonassert\1.5.1\jsonassert-1.5.1.jar;C:\Users\Copito\.m2\repository\com\vaadin\external\google\android-json\0.0.20131108.vaadin1\android-json-0.0.20131108.vaadin1.jar;C:\Users\Copito\.m2\repository\org\xmlunit\xmlunit-core\2.9.1\xmlunit-core-2.9.1.jar;C:\Users\Copito\.m2\repository\io\springfox\springfox-swagger2\3.0.0\springfox-swagger2-3.0.0.jar;C:\Users\Copito\.m2\repository\io\springfox\springfox-spi\3.0.0\springfox-spi-3.0.0.jar;C:\Users\Copito\.m2\repository\io\springfox\springfox-core\3.0.0\springfox-core-3.0.0.jar;C:\Users\Copito\.m2\repository\io\springfox\springfox-schema\3.0.0\springfox-schema-3.0.0.jar;C:\Users\Copito\.m2\repository\io\springfox\springfox-swagger-common\3.0.0\springfox-swagger-common-3.0.0.jar;C:\Users\Copito\.m2\repository\io\swagger\core\v3\swagger-annotations\2.1.2\swagger-annotations-2.1.2.jar;C:\Users\Copito\.m2\repository\io\springfox\springfox-spring-web\3.0.0\springfox-spring-web-3.0.0.jar;C:\Users\Copito\.m2\repository\io\github\classgraph\classgraph\4.8.83\classgraph-4.8.83.jar;C:\Users\Copito\.m2\repository\io\springfox\springfox-spring-webmvc\3.0.0\springfox-spring-webmvc-3.0.0.jar;C:\Users\Copito\.m2\repository\io\springfox\springfox-spring-webflux\3.0.0\springfox-spring-webflux-3.0.0.jar;C:\Users\Copito\.m2\repository\com\fasterxml\classmate\1.5.1\classmate-1.5.1.jar;C:\Users\Copito\.m2\repository\org\slf4j\slf4j-api\1.7.36\slf4j-api-1.7.36.jar;C:\Users\Copito\.m2\repository\org\springframework\plugin\spring-plugin-core\2.0.0.RELEASE\spring-plugin-core-2.0.0.RELEASE.jar;C:\Users\Copito\.m2\repository\org\springframework\plugin\spring-plugin-metadata\2.0.0.RELEASE\spring-plugin-metadata-2.0.0.RELEASE.jar;C:\Users\Copito\.m2\repository\io\swagger\swagger-annotations\1.5.20\swagger-annotations-1.5.20.jar;C:\Users\Copito\.m2\repository\io\swagger\swagger-models\1.5.20\swagger-models-1.5.20.jar;C:\Users\Copito\.m2\repository\org\mapstruct\mapstruct\1.3.1.Final\mapstruct-1.3.1.Final.jar;C:\Users\Copito\.m2\repository\io\springfox\springfox-swagger-ui\2.9.2\springfox-swagger-ui-2.9.2.jar;C:\Users\Copito\.m2\repository\com\amazonaws\aws-java-sdk\1.11.133\aws-java-sdk-1.11.133.jar;C:\Users\Copito\.m2\repository\com\amazonaws\aws-java-sdk-athena\1.11.133\aws-java-sdk-athena-1.11.133.jar;C:\Users\Copito\.m2\repository\com\amazonaws\jmespath-java\1.11.133\jmespath-java-1.11.133.jar;C:\Users\Copito\.m2\repository\com\amazonaws\aws-java-sdk-marketplaceentitlement\1.11.133\aws-java-sdk-marketplaceentitlement-1.11.133.jar;C:\Users\Copito\.m2\repository\com\amazonaws\aws-java-sdk-codestar\1.11.133\aws-java-sdk-codestar-1.11.133.jar;C:\Users\Copito\.m2\repository\com\amazonaws\aws-java-sdk-lexmodelbuilding\1.11.133\aws-java-sdk-lexmodelbuilding-1.11.133.jar;C:\Users\Copito\.m2\repository\com\amazonaws\aws-java-sdk-resourcegroupstaggingapi\1.11.133\aws-java-sdk-resourcegroupstaggingapi-1.11.133.jar;C:\Users\Copito\.m2\repository\com\amazonaws\aws-java-sdk-pinpoint\1.11.133\aws-java-sdk-pinpoint-1.11.133.jar;C:\Users\Copito\.m2\repository\com\amazonaws\aws-java-sdk-xray\1.11.133\aws-java-sdk-xray-1.11.133.jar;C:\Users\Copito\.m2\repository\com\amazonaws\aws-java-sdk-opsworkscm\1.11.133\aws-java-sdk-opsworkscm-1.11.133.jar;C:\Users\Copito\.m2\repository\com\amazonaws\aws-java-sdk-support\1.11.133\aws-java-sdk-support-1.11.133.jar;C:\Users\Copito\.m2\repository\com\amazonaws\aws-java-sdk-simpledb\1.11.133\aws-java-sdk-simpledb-1.11.133.jar;C:\Users\Copito\.m2\repository\com\amazonaws\aws-java-sdk-servicecatalog\1.11.133\aws-java-sdk-servicecatalog-1.11.133.jar;C:\Users\Copito\.m2\repository\com\amazonaws\aws-java-sdk-servermigration\1.11.133\aws-java-sdk-servermigration-1.11.133.jar;C:\Users\Copito\.m2\repository\com\amazonaws\aws-java-sdk-simpleworkflow\1.11.133\aws-java-sdk-simpleworkflow-1.11.133.jar;C:\Users\Copito\.m2\repository\com\amazonaws\aws-java-sdk-storagegateway\1.11.133\aws-java-sdk-storagegateway-1.11.133.jar;C:\Users\Copito\.m2\repository\com\amazonaws\aws-java-sdk-route53\1.11.133\aws-java-sdk-route53-1.11.133.jar;C:\Users\Copito\.m2\repository\com\amazonaws\aws-java-sdk-s3\1.11.133\aws-java-sdk-s3-1.11.133.jar;C:\Users\Copito\.m2\repository\com\amazonaws\aws-java-sdk-importexport\1.11.133\aws-java-sdk-importexport-1.11.133.jar;C:\Users\Copito\.m2\repository\com\amazonaws\aws-java-sdk-sts\1.11.133\aws-java-sdk-sts-1.11.133.jar;C:\Users\Copito\.m2\repository\com\amazonaws\aws-java-sdk-sqs\1.11.133\aws-java-sdk-sqs-1.11.133.jar;C:\Users\Copito\.m2\repository\com\amazonaws\aws-java-sdk-rds\1.11.133\aws-java-sdk-rds-1.11.133.jar;C:\Users\Copito\.m2\repository\com\amazonaws\aws-java-sdk-redshift\1.11.133\aws-java-sdk-redshift-1.11.133.jar;C:\Users\Copito\.m2\repository\com\amazonaws\aws-java-sdk-elasticbeanstalk\1.11.133\aws-java-sdk-elasticbeanstalk-1.11.133.jar;C:\Users\Copito\.m2\repository\com\amazonaws\aws-java-sdk-glacier\1.11.133\aws-java-sdk-glacier-1.11.133.jar;C:\Users\Copito\.m2\repository\com\amazonaws\aws-java-sdk-iam\1.11.133\aws-java-sdk-iam-1.11.133.jar;C:\Users\Copito\.m2\repository\com\amazonaws\aws-java-sdk-datapipeline\1.11.133\aws-java-sdk-datapipeline-1.11.133.jar;C:\Users\Copito\.m2\repository\com\amazonaws\aws-java-sdk-elasticloadbalancing\1.11.133\aws-java-sdk-elasticloadbalancing-1.11.133.jar;C:\Users\Copito\.m2\repository\com\amazonaws\aws-java-sdk-elasticloadbalancingv2\1.11.133\aws-java-sdk-elasticloadbalancingv2-1.11.133.jar;C:\Users\Copito\.m2\repository\com\amazonaws\aws-java-sdk-emr\1.11.133\aws-java-sdk-emr-1.11.133.jar;C:\Users\Copito\.m2\repository\com\amazonaws\aws-java-sdk-elasticache\1.11.133\aws-java-sdk-elasticache-1.11.133.jar;C:\Users\Copito\.m2\repository\com\amazonaws\aws-java-sdk-elastictranscoder\1.11.133\aws-java-sdk-elastictranscoder-1.11.133.jar;C:\Users\Copito\.m2\repository\com\amazonaws\aws-java-sdk-ec2\1.11.133\aws-java-sdk-ec2-1.11.133.jar;C:\Users\Copito\.m2\repository\com\amazonaws\aws-java-sdk-dynamodb\1.11.133\aws-java-sdk-dynamodb-1.11.133.jar;C:\Users\Copito\.m2\repository\com\amazonaws\aws-java-sdk-sns\1.11.133\aws-java-sdk-sns-1.11.133.jar;C:\Users\Copito\.m2\repository\com\amazonaws\aws-java-sdk-budgets\1.11.133\aws-java-sdk-budgets-1.11.133.jar;C:\Users\Copito\.m2\repository\com\amazonaws\aws-java-sdk-cloudtrail\1.11.133\aws-java-sdk-cloudtrail-1.11.133.jar;C:\Users\Copito\.m2\repository\com\amazonaws\aws-java-sdk-cloudwatch\1.11.133\aws-java-sdk-cloudwatch-1.11.133.jar;C:\Users\Copito\.m2\repository\com\amazonaws\aws-java-sdk-logs\1.11.133\aws-java-sdk-logs-1.11.133.jar;C:\Users\Copito\.m2\repository\com\amazonaws\aws-java-sdk-events\1.11.133\aws-java-sdk-events-1.11.133.jar;C:\Users\Copito\.m2\repository\com\amazonaws\aws-java-sdk-cognitoidentity\1.11.133\aws-java-sdk-cognitoidentity-1.11.133.jar;C:\Users\Copito\.m2\repository\com\amazonaws\aws-java-sdk-cognitosync\1.11.133\aws-java-sdk-cognitosync-1.11.133.jar;C:\Users\Copito\.m2\repository\com\amazonaws\aws-java-sdk-directconnect\1.11.133\aws-java-sdk-directconnect-1.11.133.jar;C:\Users\Copito\.m2\repository\com\amazonaws\aws-java-sdk-cloudformation\1.11.133\aws-java-sdk-cloudformation-1.11.133.jar;C:\Users\Copito\.m2\repository\com\amazonaws\aws-java-sdk-cloudfront\1.11.133\aws-java-sdk-cloudfront-1.11.133.jar;C:\Users\Copito\.m2\repository\com\amazonaws\aws-java-sdk-clouddirectory\1.11.133\aws-java-sdk-clouddirectory-1.11.133.jar;C:\Users\Copito\.m2\repository\com\amazonaws\aws-java-sdk-kinesis\1.11.133\aws-java-sdk-kinesis-1.11.133.jar;C:\Users\Copito\.m2\repository\com\amazonaws\aws-java-sdk-opsworks\1.11.133\aws-java-sdk-opsworks-1.11.133.jar;C:\Users\Copito\.m2\repository\com\amazonaws\aws-java-sdk-ses\1.11.133\aws-java-sdk-ses-1.11.133.jar;C:\Users\Copito\.m2\repository\com\amazonaws\aws-java-sdk-autoscaling\1.11.133\aws-java-sdk-autoscaling-1.11.133.jar;C:\Users\Copito\.m2\repository\com\amazonaws\aws-java-sdk-cloudsearch\1.11.133\aws-java-sdk-cloudsearch-1.11.133.jar;C:\Users\Copito\.m2\repository\com\amazonaws\aws-java-sdk-cloudwatchmetrics\1.11.133\aws-java-sdk-cloudwatchmetrics-1.11.133.jar;C:\Users\Copito\.m2\repository\com\amazonaws\aws-java-sdk-codedeploy\1.11.133\aws-java-sdk-codedeploy-1.11.133.jar;C:\Users\Copito\.m2\repository\com\amazonaws\aws-java-sdk-codepipeline\1.11.133\aws-java-sdk-codepipeline-1.11.133.jar;C:\Users\Copito\.m2\repository\com\amazonaws\aws-java-sdk-kms\1.11.133\aws-java-sdk-kms-1.11.133.jar;C:\Users\Copito\.m2\repository\com\amazonaws\aws-java-sdk-config\1.11.133\aws-java-sdk-config-1.11.133.jar;C:\Users\Copito\.m2\repository\com\amazonaws\aws-java-sdk-lambda\1.11.133\aws-java-sdk-lambda-1.11.133.jar;C:\Users\Copito\.m2\repository\com\amazonaws\aws-java-sdk-ecs\1.11.133\aws-java-sdk-ecs-1.11.133.jar;C:\Users\Copito\.m2\repository\com\amazonaws\aws-java-sdk-ecr\1.11.133\aws-java-sdk-ecr-1.11.133.jar;C:\Users\Copito\.m2\repository\com\amazonaws\aws-java-sdk-cloudhsm\1.11.133\aws-java-sdk-cloudhsm-1.11.133.jar;C:\Users\Copito\.m2\repository\com\amazonaws\aws-java-sdk-ssm\1.11.133\aws-java-sdk-ssm-1.11.133.jar;C:\Users\Copito\.m2\repository\com\amazonaws\aws-java-sdk-workspaces\1.11.133\aws-java-sdk-workspaces-1.11.133.jar;C:\Users\Copito\.m2\repository\com\amazonaws\aws-java-sdk-machinelearning\1.11.133\aws-java-sdk-machinelearning-1.11.133.jar;C:\Users\Copito\.m2\repository\com\amazonaws\aws-java-sdk-directory\1.11.133\aws-java-sdk-directory-1.11.133.jar;C:\Users\Copito\.m2\repository\com\amazonaws\aws-java-sdk-efs\1.11.133\aws-java-sdk-efs-1.11.133.jar;C:\Users\Copito\.m2\repository\com\amazonaws\aws-java-sdk-codecommit\1.11.133\aws-java-sdk-codecommit-1.11.133.jar;C:\Users\Copito\.m2\repository\com\amazonaws\aws-java-sdk-devicefarm\1.11.133\aws-java-sdk-devicefarm-1.11.133.jar;C:\Users\Copito\.m2\repository\com\amazonaws\aws-java-sdk-elasticsearch\1.11.133\aws-java-sdk-elasticsearch-1.11.133.jar;C:\Users\Copito\.m2\repository\com\amazonaws\aws-java-sdk-waf\1.11.133\aws-java-sdk-waf-1.11.133.jar;C:\Users\Copito\.m2\repository\com\amazonaws\aws-java-sdk-marketplacecommerceanalytics\1.11.133\aws-java-sdk-marketplacecommerceanalytics-1.11.133.jar;C:\Users\Copito\.m2\repository\com\amazonaws\aws-java-sdk-inspector\1.11.133\aws-java-sdk-inspector-1.11.133.jar;C:\Users\Copito\.m2\repository\com\amazonaws\aws-java-sdk-iot\1.11.133\aws-java-sdk-iot-1.11.133.jar;C:\Users\Copito\.m2\repository\com\amazonaws\aws-java-sdk-api-gateway\1.11.133\aws-java-sdk-api-gateway-1.11.133.jar;C:\Users\Copito\.m2\repository\com\amazonaws\aws-java-sdk-acm\1.11.133\aws-java-sdk-acm-1.11.133.jar;C:\Users\Copito\.m2\repository\com\amazonaws\aws-java-sdk-gamelift\1.11.133\aws-java-sdk-gamelift-1.11.133.jar;C:\Users\Copito\.m2\repository\com\amazonaws\aws-java-sdk-dms\1.11.133\aws-java-sdk-dms-1.11.133.jar;C:\Users\Copito\.m2\repository\com\amazonaws\aws-java-sdk-marketplacemeteringservice\1.11.133\aws-java-sdk-marketplacemeteringservice-1.11.133.jar;C:\Users\Copito\.m2\repository\com\amazonaws\aws-java-sdk-cognitoidp\1.11.133\aws-java-sdk-cognitoidp-1.11.133.jar;C:\Users\Copito\.m2\repository\com\amazonaws\aws-java-sdk-discovery\1.11.133\aws-java-sdk-discovery-1.11.133.jar;C:\Users\Copito\.m2\repository\com\amazonaws\aws-java-sdk-applicationautoscaling\1.11.133\aws-java-sdk-applicationautoscaling-1.11.133.jar;C:\Users\Copito\.m2\repository\com\amazonaws\aws-java-sdk-snowball\1.11.133\aws-java-sdk-snowball-1.11.133.jar;C:\Users\Copito\.m2\repository\com\amazonaws\aws-java-sdk-rekognition\1.11.133\aws-java-sdk-rekognition-1.11.133.jar;C:\Users\Copito\.m2\repository\com\amazonaws\aws-java-sdk-polly\1.11.133\aws-java-sdk-polly-1.11.133.jar;C:\Users\Copito\.m2\repository\com\amazonaws\aws-java-sdk-lightsail\1.11.133\aws-java-sdk-lightsail-1.11.133.jar;C:\Users\Copito\.m2\repository\com\amazonaws\aws-java-sdk-stepfunctions\1.11.133\aws-java-sdk-stepfunctions-1.11.133.jar;C:\Users\Copito\.m2\repository\com\amazonaws\aws-java-sdk-health\1.11.133\aws-java-sdk-health-1.11.133.jar;C:\Users\Copito\.m2\repository\com\amazonaws\aws-java-sdk-costandusagereport\1.11.133\aws-java-sdk-costandusagereport-1.11.133.jar;C:\Users\Copito\.m2\repository\com\amazonaws\aws-java-sdk-codebuild\1.11.133\aws-java-sdk-codebuild-1.11.133.jar;C:\Users\Copito\.m2\repository\com\amazonaws\aws-java-sdk-appstream\1.11.133\aws-java-sdk-appstream-1.11.133.jar;C:\Users\Copito\.m2\repository\com\amazonaws\aws-java-sdk-shield\1.11.133\aws-java-sdk-shield-1.11.133.jar;C:\Users\Copito\.m2\repository\com\amazonaws\aws-java-sdk-batch\1.11.133\aws-java-sdk-batch-1.11.133.jar;C:\Users\Copito\.m2\repository\com\amazonaws\aws-java-sdk-lex\1.11.133\aws-java-sdk-lex-1.11.133.jar;C:\Users\Copito\.m2\repository\com\amazonaws\aws-java-sdk-mechanicalturkrequester\1.11.133\aws-java-sdk-mechanicalturkrequester-1.11.133.jar;C:\Users\Copito\.m2\repository\com\amazonaws\aws-java-sdk-organizations\1.11.133\aws-java-sdk-organizations-1.11.133.jar;C:\Users\Copito\.m2\repository\com\amazonaws\aws-java-sdk-workdocs\1.11.133\aws-java-sdk-workdocs-1.11.133.jar;C:\Users\Copito\.m2\repository\com\amazonaws\aws-java-sdk-core\1.11.133\aws-java-sdk-core-1.11.133.jar;C:\Users\Copito\.m2\repository\commons-logging\commons-logging\1.1.3\commons-logging-1.1.3.jar;C:\Users\Copito\.m2\repository\org\apache\httpcomponents\httpclient\4.5.14\httpclient-4.5.14.jar;C:\Users\Copito\.m2\repository\commons-codec\commons-codec\1.15\commons-codec-1.15.jar;C:\Users\Copito\.m2\repository\software\amazon\ion\ion-java\1.0.2\ion-java-1.0.2.jar;C:\Users\Copito\.m2\repository\com\fasterxml\jackson\dataformat\jackson-dataformat-cbor\2.13.5\jackson-dataformat-cbor-2.13.5.jar;C:\Users\Copito\.m2\repository\joda-time\joda-time\2.8.1\joda-time-2.8.1.jar;C:\Users\Copito\.m2\repository\com\amazonaws\aws-java-sdk-models\1.11.133\aws-java-sdk-models-1.11.133.jar;C:\Users\Copito\.m2\repository\com\amazonaws\aws-java-sdk-swf-libraries\1.11.22\aws-java-sdk-swf-libraries-1.11.22.jar;"/>
    <property name="sun.cpu.endian" value="little"/>
    <property name="user.home" value="C:\Users\Copito"/>
    <property name="user.language" value="es"/>
    <property name="java.specification.vendor" value="Oracle Corporation"/>
    <property name="java.version.date" value="2023-03-21"/>
    <property name="java.home" value="D:\Java Jdk\jdk-20"/>
    <property name="file.separator" value="\"/>
    <property name="basedir" value="D:\C12-09-FT-Java-Angular\back-end\powerfit"/>
    <property name="java.vm.compressedOopsMode" value="Zero based"/>
    <property name="line.separator" value="&#10;"/>
    <property name="java.vm.specification.vendor" value="Oracle Corporation"/>
    <property name="java.specification.name" value="Java Platform API Specification"/>
    <property name="surefire.real.class.path" value="C:\Users\Copito\AppData\Local\Temp\surefire16309318970579538518\surefirebooter15491911252096109174.jar"/>
    <property name="user.script" value=""/>
    <property name="sun.management.compiler" value="HotSpot 64-Bit Tiered Compilers"/>
    <property name="java.runtime.version" value="20+36-2344"/>
    <property name="user.name" value="Copito"/>
    <property name="stdout.encoding" value="UTF-8"/>
    <property name="path.separator" value=";"/>
    <property name="os.version" value="10.0"/>
    <property name="java.runtime.name" value="OpenJDK Runtime Environment"/>
    <property name="file.encoding" value="UTF-8"/>
    <property name="java.vm.name" value="OpenJDK 64-Bit Server VM"/>
    <property name="localRepository" value="C:\Users\Copito\.m2\repository"/>
    <property name="java.vendor.url.bug" value="https://bugreport.java.com/bugreport/"/>
    <property name="java.io.tmpdir" value="C:\Users\Copito\AppData\Local\Temp\"/>
    <property name="idea.version" value="2023.1"/>
    <property name="java.version" value="20"/>
    <property name="user.dir" value="D:\C12-09-FT-Java-Angular\back-end\powerfit"/>
    <property name="os.arch" value="amd64"/>
    <property name="java.vm.specification.name" value="Java Virtual Machine Specification"/>
    <property name="sun.os.patch.level" value=""/>
    <property name="native.encoding" value="UTF-8"/>
    <property name="java.library.path" value="D:\Java Jdk\jdk-20\bin;C:\WINDOWS\Sun\Java\bin;C:\WINDOWS\system32;C:\WINDOWS;D:\Eclipse Adoptium\jdk-17.0.5.8-hotspot\bin;C:\Program Files\Common Files\Oracle\Java\javapath;C:\WINDOWS\system32;C:\WINDOWS;C:\WINDOWS\System32\Wbem;C:\WINDOWS\System32\WindowsPowerShell\v1.0\;C:\WINDOWS\System32\OpenSSH\;D:\NodeJS\;C:\Program Files\Git\cmd;C:\Program Files\MySQL\MySQL Shell 8.0\bin\;C:\Users\Copito\AppData\Local\Programs\Python\Python310\Scripts\;C:\Users\Copito\Downloads\winlibs-x86_64-posix-seh-gcc-12.2.0-llvm-14.0.6-mingw-w64ucrt-10.0.0-r2\mingw64\bin\;C:\Users\Copito\AppData\Local\Programs\Python\Python310\;C:\Users\Copito\AppData\Local\Microsoft\WindowsApps;D:\Microsoft VS Code\bin;C:\Users\Copito\AppData\Roaming\npm;D:\Java Jdk\jdk-20\bin;;."/>
    <property name="java.vm.info" value="mixed mode, sharing"/>
    <property name="stderr.encoding" value="UTF-8"/>
    <property name="java.vendor" value="Oracle Corporation"/>
    <property name="java.vm.version" value="20+36-2344"/>
    <property name="sun.io.unicode.encoding" value="UnicodeLittle"/>
    <property name="java.class.version" value="64.0"/>
  </properties>
  <testcase name="contextLoads" classname="com.nocountry.powerfit.PowerfitApplicationTests" time="0.006">
    <error message="Failed to load ApplicationContext" type="java.lang.IllegalStateException">java.lang.IllegalStateException: Failed to load ApplicationContext
Caused by: org.springframework.beans.factory.BeanCreationException: Error creating bean with name 'awsConfig': Injection of autowired dependencies failed; nested exception is java.lang.IllegalArgumentException: Could not resolve placeholder 'AWS_BUCKET_NAME' in value "${AWS_BUCKET_NAME}"
Caused by: java.lang.IllegalArgumentException: Could not resolve placeholder 'AWS_BUCKET_NAME' in value "${AWS_BUCKET_NAME}"
</error>
    <system-out><![CDATA[19:03:36.327 [main] DEBUG org.springframework.test.context.BootstrapUtils - Instantiating CacheAwareContextLoaderDelegate from class [org.springframework.test.context.cache.DefaultCacheAwareContextLoaderDelegate]
19:03:36.340 [main] DEBUG org.springframework.test.context.BootstrapUtils - Instantiating BootstrapContext using constructor [public org.springframework.test.context.support.DefaultBootstrapContext(java.lang.Class,org.springframework.test.context.CacheAwareContextLoaderDelegate)]
19:03:36.377 [main] DEBUG org.springframework.test.context.BootstrapUtils - Instantiating TestContextBootstrapper for test class [com.nocountry.powerfit.PowerfitApplicationTests] from class [org.springframework.boot.test.context.SpringBootTestContextBootstrapper]
19:03:36.391 [main] INFO org.springframework.boot.test.context.SpringBootTestContextBootstrapper - Neither @ContextConfiguration nor @ContextHierarchy found for test class [com.nocountry.powerfit.PowerfitApplicationTests], using SpringBootContextLoader
19:03:36.394 [main] DEBUG org.springframework.test.context.support.AbstractContextLoader - Did not detect default resource location for test class [com.nocountry.powerfit.PowerfitApplicationTests]: class path resource [com/nocountry/powerfit/PowerfitApplicationTests-context.xml] does not exist
19:03:36.395 [main] DEBUG org.springframework.test.context.support.AbstractContextLoader - Did not detect default resource location for test class [com.nocountry.powerfit.PowerfitApplicationTests]: class path resource [com/nocountry/powerfit/PowerfitApplicationTestsContext.groovy] does not exist
19:03:36.395 [main] INFO org.springframework.test.context.support.AbstractContextLoader - Could not detect default resource locations for test class [com.nocountry.powerfit.PowerfitApplicationTests]: no resource found for suffixes {-context.xml, Context.groovy}.
19:03:36.396 [main] INFO org.springframework.test.context.support.AnnotationConfigContextLoaderUtils - Could not detect default configuration classes for test class [com.nocountry.powerfit.PowerfitApplicationTests]: PowerfitApplicationTests does not declare any static, non-private, non-final, nested classes annotated with @Configuration.
19:03:36.476 [main] DEBUG org.springframework.test.context.support.ActiveProfilesUtils - Could not find an 'annotation declaring class' for annotation type [org.springframework.test.context.ActiveProfiles] and class [com.nocountry.powerfit.PowerfitApplicationTests]
19:03:36.634 [main] DEBUG org.springframework.context.annotation.ClassPathScanningCandidateComponentProvider - Identified candidate component class: file [D:\C12-09-FT-Java-Angular\back-end\powerfit\target\classes\com\nocountry\powerfit\PowerfitApplication.class]
19:03:36.635 [main] INFO org.springframework.boot.test.context.SpringBootTestContextBootstrapper - Found @SpringBootConfiguration com.nocountry.powerfit.PowerfitApplication for test class com.nocountry.powerfit.PowerfitApplicationTests
19:03:36.778 [main] DEBUG org.springframework.boot.test.context.SpringBootTestContextBootstrapper - @TestExecutionListeners is not present for class [com.nocountry.powerfit.PowerfitApplicationTests]: using defaults.
19:03:36.780 [main] INFO org.springframework.boot.test.context.SpringBootTestContextBootstrapper - Loaded default TestExecutionListener class names from location [META-INF/spring.factories]: [org.springframework.security.test.context.support.WithSecurityContextTestExecutionListener, org.springframework.security.test.context.support.ReactorContextTestExecutionListener, org.springframework.test.context.web.ServletTestExecutionListener, org.springframework.test.context.support.DirtiesContextBeforeModesTestExecutionListener, org.springframework.test.context.event.ApplicationEventsTestExecutionListener, org.springframework.test.context.support.DependencyInjectionTestExecutionListener, org.springframework.test.context.support.DirtiesContextTestExecutionListener, org.springframework.test.context.transaction.TransactionalTestExecutionListener, org.springframework.test.context.jdbc.SqlScriptsTestExecutionListener, org.springframework.test.context.event.EventPublishingTestExecutionListener, org.springframework.boot.test.mock.mockito.MockitoTestExecutionListener, org.springframework.boot.test.mock.mockito.ResetMocksTestExecutionListener, org.springframework.boot.test.autoconfigure.restdocs.RestDocsTestExecutionListener, org.springframework.boot.test.autoconfigure.web.client.MockRestServiceServerResetTestExecutionListener, org.springframework.boot.test.autoconfigure.web.servlet.MockMvcPrintOnlyOnFailureTestExecutionListener, org.springframework.boot.test.autoconfigure.web.servlet.WebDriverTestExecutionListener, org.springframework.boot.test.autoconfigure.webservices.client.MockWebServiceServerTestExecutionListener]
19:03:36.813 [main] INFO org.springframework.boot.test.context.SpringBootTestContextBootstrapper - Using TestExecutionListeners: [org.springframework.test.context.web.ServletTestExecutionListener@50468873, org.springframework.test.context.support.DirtiesContextBeforeModesTestExecutionListener@146587a2, org.springframework.test.context.event.ApplicationEventsTestExecutionListener@5f0e9815, org.springframework.boot.test.mock.mockito.MockitoTestExecutionListener@76884e4b, org.springframework.boot.test.autoconfigure.SpringBootDependencyInjectionTestExecutionListener@126945f9, org.springframework.test.context.support.DirtiesContextTestExecutionListener@2a898881, org.springframework.test.context.transaction.TransactionalTestExecutionListener@16c63f5, org.springframework.test.context.jdbc.SqlScriptsTestExecutionListener@35229f85, org.springframework.security.test.context.support.WithSecurityContextTestExecutionListener@6d3c5255, org.springframework.test.context.event.EventPublishingTestExecutionListener@b1712f3, org.springframework.security.test.context.support.ReactorContextTestExecutionListener@6986bbaf, org.springframework.boot.test.mock.mockito.ResetMocksTestExecutionListener@4879dfad, org.springframework.boot.test.autoconfigure.restdocs.RestDocsTestExecutionListener@4758820d, org.springframework.boot.test.autoconfigure.web.client.MockRestServiceServerResetTestExecutionListener@74eb909f, org.springframework.boot.test.autoconfigure.web.servlet.MockMvcPrintOnlyOnFailureTestExecutionListener@28ec166e, org.springframework.boot.test.autoconfigure.web.servlet.WebDriverTestExecutionListener@2eee3069, org.springframework.boot.test.autoconfigure.webservices.client.MockWebServiceServerTestExecutionListener@2da59753]
19:03:36.818 [main] DEBUG org.springframework.test.context.support.AbstractDirtiesContextTestExecutionListener - Before test class: context [DefaultTestContext@79d94571 testClass = PowerfitApplicationTests, testInstance = [null], testMethod = [null], testException = [null], mergedContextConfiguration = [WebMergedContextConfiguration@4dd02341 testClass = PowerfitApplicationTests, locations = '{}', classes = '{class com.nocountry.powerfit.PowerfitApplication}', contextInitializerClasses = '[]', activeProfiles = '{}', propertySourceLocations = '{}', propertySourceProperties = '{org.springframework.boot.test.context.SpringBootTestContextBootstrapper=true}', contextCustomizers = set[org.springframework.boot.test.context.filter.ExcludeFilterContextCustomizer@3e27aa33, org.springframework.boot.test.json.DuplicateJsonObjectContextCustomizerFactory$DuplicateJsonObjectContextCustomizer@46cdf8bd, org.springframework.boot.test.mock.mockito.MockitoContextCustomizer@0, org.springframework.boot.test.web.client.TestRestTemplateContextCustomizer@7674f035, org.springframework.boot.test.autoconfigure.actuate.metrics.MetricsExportContextCustomizerFactory$DisableMetricExportContextCustomizer@793f29ff, org.springframework.boot.test.autoconfigure.properties.PropertyMappingContextCustomizer@0, org.springframework.boot.test.autoconfigure.web.servlet.WebDriverContextCustomizerFactory$Customizer@742ff096, org.springframework.boot.test.context.SpringBootTestArgs@1, org.springframework.boot.test.context.SpringBootTestWebEnvironment@70a9f84e], resourceBasePath = 'src/main/webapp', contextLoader = 'org.springframework.boot.test.context.SpringBootContextLoader', parent = [null]], attributes = map['org.springframework.test.context.web.ServletTestExecutionListener.activateListener' -> true]], class annotated with @DirtiesContext [false] with mode [null].

  .   ____          _            __ _ _
 /\\ / ___'_ __ _ _(_)_ __  __ _ \ \ \ \
( ( )\___ | '_ | '_| | '_ \/ _` | \ \ \ \
 \\/  ___)| |_)| | | | | || (_| |  ) ) ) )
  '  |____| .__|_| |_|_| |_\__, | / / / /
 =========|_|==============|___/=/_/_/_/
 :: Spring Boot ::               (v2.7.13)

2023-07-18 19:03:37.414  INFO 7328 --- [           main] c.n.powerfit.PowerfitApplicationTests    : Starting PowerfitApplicationTests using Java 20 on DESKTOP-RPNG145 with PID 7328 (started by Copito in D:\C12-09-FT-Java-Angular\back-end\powerfit)
2023-07-18 19:03:37.415  INFO 7328 --- [           main] c.n.powerfit.PowerfitApplicationTests    : No active profile set, falling back to 1 default profile: "default"
2023-07-18 19:03:38.906  INFO 7328 --- [           main] .s.d.r.c.RepositoryConfigurationDelegate : Bootstrapping Spring Data JPA repositories in DEFAULT mode.
2023-07-18 19:03:38.972  INFO 7328 --- [           main] .s.d.r.c.RepositoryConfigurationDelegate : Finished Spring Data repository scanning in 58 ms. Found 6 JPA repository interfaces.
2023-07-18 19:03:39.734  INFO 7328 --- [           main] o.hibernate.jpa.internal.util.LogHelper  : HHH000204: Processing PersistenceUnitInfo [name: default]
2023-07-18 19:03:39.787  INFO 7328 --- [           main] org.hibernate.Version                    : HHH000412: Hibernate ORM core version 5.6.15.Final
2023-07-18 19:03:39.965  INFO 7328 --- [           main] o.hibernate.annotations.common.Version   : HCANN000001: Hibernate Commons Annotations {5.1.2.Final}
2023-07-18 19:03:40.153  INFO 7328 --- [           main] com.zaxxer.hikari.HikariDataSource       : HikariPool-1 - Starting...
2023-07-18 19:03:41.783  INFO 7328 --- [           main] com.zaxxer.hikari.HikariDataSource       : HikariPool-1 - Start completed.
2023-07-18 19:03:41.794  INFO 7328 --- [           main] org.hibernate.dialect.Dialect            : HHH000400: Using dialect: org.hibernate.dialect.MySQL8Dialect
2023-07-18 19:03:46.063  INFO 7328 --- [           main] o.h.e.t.j.p.i.JtaPlatformInitiator       : HHH000490: Using JtaPlatform implementation: [org.hibernate.engine.transaction.jta.platform.internal.NoJtaPlatform]
2023-07-18 19:03:46.088  INFO 7328 --- [           main] j.LocalContainerEntityManagerFactoryBean : Initialized JPA EntityManagerFactory for persistence unit 'default'
2023-07-18 19:03:46.521  WARN 7328 --- [           main] o.s.w.c.s.GenericWebApplicationContext   : Exception encountered during context initialization - cancelling refresh attempt: org.springframework.beans.factory.BeanCreationException: Error creating bean with name 'awsConfig': Injection of autowired dependencies failed; nested exception is java.lang.IllegalArgumentException: Could not resolve placeholder 'AWS_BUCKET_NAME' in value "${AWS_BUCKET_NAME}"
2023-07-18 19:03:46.521  INFO 7328 --- [           main] j.LocalContainerEntityManagerFactoryBean : Closing JPA EntityManagerFactory for persistence unit 'default'
2023-07-18 19:03:46.522  INFO 7328 --- [           main] com.zaxxer.hikari.HikariDataSource       : HikariPool-1 - Shutdown initiated...
2023-07-18 19:03:47.793  INFO 7328 --- [           main] com.zaxxer.hikari.HikariDataSource       : HikariPool-1 - Shutdown completed.
2023-07-18 19:03:47.800  INFO 7328 --- [           main] ConditionEvaluationReportLoggingListener : 

Error starting ApplicationContext. To display the conditions report re-run your application with 'debug' enabled.
2023-07-18 19:03:47.834 ERROR 7328 --- [           main] o.s.boot.SpringApplication               : Application run failed

org.springframework.beans.factory.BeanCreationException: Error creating bean with name 'awsConfig': Injection of autowired dependencies failed; nested exception is java.lang.IllegalArgumentException: Could not resolve placeholder 'AWS_BUCKET_NAME' in value "${AWS_BUCKET_NAME}"
	at org.springframework.beans.factory.annotation.AutowiredAnnotationBeanPostProcessor.postProcessProperties(AutowiredAnnotationBeanPostProcessor.java:405) ~[spring-beans-5.3.28.jar:5.3.28]
	at org.springframework.beans.factory.support.AbstractAutowireCapableBeanFactory.populateBean(AbstractAutowireCapableBeanFactory.java:1431) ~[spring-beans-5.3.28.jar:5.3.28]
	at org.springframework.beans.factory.support.AbstractAutowireCapableBeanFactory.doCreateBean(AbstractAutowireCapableBeanFactory.java:619) ~[spring-beans-5.3.28.jar:5.3.28]
	at org.springframework.beans.factory.support.AbstractAutowireCapableBeanFactory.createBean(AbstractAutowireCapableBeanFactory.java:542) ~[spring-beans-5.3.28.jar:5.3.28]
	at org.springframework.beans.factory.support.AbstractBeanFactory.lambda$doGetBean$0(AbstractBeanFactory.java:335) ~[spring-beans-5.3.28.jar:5.3.28]
	at org.springframework.beans.factory.support.DefaultSingletonBeanRegistry.getSingleton(DefaultSingletonBeanRegistry.java:234) ~[spring-beans-5.3.28.jar:5.3.28]
	at org.springframework.beans.factory.support.AbstractBeanFactory.doGetBean(AbstractBeanFactory.java:333) ~[spring-beans-5.3.28.jar:5.3.28]
	at org.springframework.beans.factory.support.AbstractBeanFactory.getBean(AbstractBeanFactory.java:208) ~[spring-beans-5.3.28.jar:5.3.28]
	at org.springframework.beans.factory.support.DefaultListableBeanFactory.preInstantiateSingletons(DefaultListableBeanFactory.java:955) ~[spring-beans-5.3.28.jar:5.3.28]
	at org.springframework.context.support.AbstractApplicationContext.finishBeanFactoryInitialization(AbstractApplicationContext.java:920) ~[spring-context-5.3.28.jar:5.3.28]
	at org.springframework.context.support.AbstractApplicationContext.refresh(AbstractApplicationContext.java:583) ~[spring-context-5.3.28.jar:5.3.28]
	at org.springframework.boot.SpringApplication.refresh(SpringApplication.java:731) ~[spring-boot-2.7.13.jar:2.7.13]
	at org.springframework.boot.SpringApplication.refreshContext(SpringApplication.java:408) ~[spring-boot-2.7.13.jar:2.7.13]
	at org.springframework.boot.SpringApplication.run(SpringApplication.java:307) ~[spring-boot-2.7.13.jar:2.7.13]
	at org.springframework.boot.test.context.SpringBootContextLoader.loadContext(SpringBootContextLoader.java:136) ~[spring-boot-test-2.7.13.jar:2.7.13]
	at org.springframework.test.context.cache.DefaultCacheAwareContextLoaderDelegate.loadContextInternal(DefaultCacheAwareContextLoaderDelegate.java:141) ~[spring-test-5.3.28.jar:5.3.28]
	at org.springframework.test.context.cache.DefaultCacheAwareContextLoaderDelegate.loadContext(DefaultCacheAwareContextLoaderDelegate.java:90) ~[spring-test-5.3.28.jar:5.3.28]
	at org.springframework.test.context.support.DefaultTestContext.getApplicationContext(DefaultTestContext.java:124) ~[spring-test-5.3.28.jar:5.3.28]
	at org.springframework.test.context.web.ServletTestExecutionListener.setUpRequestContextIfNecessary(ServletTestExecutionListener.java:190) ~[spring-test-5.3.28.jar:5.3.28]
	at org.springframework.test.context.web.ServletTestExecutionListener.prepareTestInstance(ServletTestExecutionListener.java:132) ~[spring-test-5.3.28.jar:5.3.28]
	at org.springframework.test.context.TestContextManager.prepareTestInstance(TestContextManager.java:248) ~[spring-test-5.3.28.jar:5.3.28]
	at org.springframework.test.context.junit.jupiter.SpringExtension.postProcessTestInstance(SpringExtension.java:138) ~[spring-test-5.3.28.jar:5.3.28]
	at org.junit.jupiter.engine.descriptor.ClassBasedTestDescriptor.lambda$invokeTestInstancePostProcessors$8(ClassBasedTestDescriptor.java:363) ~[junit-jupiter-engine-5.8.2.jar:5.8.2]
	at org.junit.jupiter.engine.descriptor.ClassBasedTestDescriptor.executeAndMaskThrowable(ClassBasedTestDescriptor.java:368) ~[junit-jupiter-engine-5.8.2.jar:5.8.2]
	at org.junit.jupiter.engine.descriptor.ClassBasedTestDescriptor.lambda$invokeTestInstancePostProcessors$9(ClassBasedTestDescriptor.java:363) ~[junit-jupiter-engine-5.8.2.jar:5.8.2]
	at java.base/java.util.stream.ReferencePipeline$3$1.accept(ReferencePipeline.java:197) ~[na:na]
	at java.base/java.util.stream.ReferencePipeline$2$1.accept(ReferencePipeline.java:179) ~[na:na]
	at java.base/java.util.ArrayList$ArrayListSpliterator.forEachRemaining(ArrayList.java:1625) ~[na:na]
	at java.base/java.util.stream.AbstractPipeline.copyInto(AbstractPipeline.java:509) ~[na:na]
	at java.base/java.util.stream.AbstractPipeline.wrapAndCopyInto(AbstractPipeline.java:499) ~[na:na]
	at java.base/java.util.stream.StreamSpliterators$WrappingSpliterator.forEachRemaining(StreamSpliterators.java:310) ~[na:na]
	at java.base/java.util.stream.Streams$ConcatSpliterator.forEachRemaining(Streams.java:735) ~[na:na]
	at java.base/java.util.stream.Streams$ConcatSpliterator.forEachRemaining(Streams.java:734) ~[na:na]
	at java.base/java.util.stream.ReferencePipeline$Head.forEach(ReferencePipeline.java:762) ~[na:na]
	at org.junit.jupiter.engine.descriptor.ClassBasedTestDescriptor.invokeTestInstancePostProcessors(ClassBasedTestDescriptor.java:362) ~[junit-jupiter-engine-5.8.2.jar:5.8.2]
	at org.junit.jupiter.engine.descriptor.ClassBasedTestDescriptor.lambda$instantiateAndPostProcessTestInstance$6(ClassBasedTestDescriptor.java:283) ~[junit-jupiter-engine-5.8.2.jar:5.8.2]
	at org.junit.platform.engine.support.hierarchical.ThrowableCollector.execute(ThrowableCollector.java:73) ~[junit-platform-engine-1.8.2.jar:1.8.2]
	at org.junit.jupiter.engine.descriptor.ClassBasedTestDescriptor.instantiateAndPostProcessTestInstance(ClassBasedTestDescriptor.java:282) ~[junit-jupiter-engine-5.8.2.jar:5.8.2]
	at org.junit.jupiter.engine.descriptor.ClassBasedTestDescriptor.lambda$testInstancesProvider$4(ClassBasedTestDescriptor.java:272) ~[junit-jupiter-engine-5.8.2.jar:5.8.2]
	at java.base/java.util.Optional.orElseGet(Optional.java:364) ~[na:na]
	at org.junit.jupiter.engine.descriptor.ClassBasedTestDescriptor.lambda$testInstancesProvider$5(ClassBasedTestDescriptor.java:271) ~[junit-jupiter-engine-5.8.2.jar:5.8.2]
	at org.junit.jupiter.engine.execution.TestInstancesProvider.getTestInstances(TestInstancesProvider.java:31) ~[junit-jupiter-engine-5.8.2.jar:5.8.2]
	at org.junit.jupiter.engine.descriptor.TestMethodTestDescriptor.lambda$prepare$0(TestMethodTestDescriptor.java:102) ~[junit-jupiter-engine-5.8.2.jar:5.8.2]
	at org.junit.platform.engine.support.hierarchical.ThrowableCollector.execute(ThrowableCollector.java:73) ~[junit-platform-engine-1.8.2.jar:1.8.2]
	at org.junit.jupiter.engine.descriptor.TestMethodTestDescriptor.prepare(TestMethodTestDescriptor.java:101) ~[junit-jupiter-engine-5.8.2.jar:5.8.2]
	at org.junit.jupiter.engine.descriptor.TestMethodTestDescriptor.prepare(TestMethodTestDescriptor.java:66) ~[junit-jupiter-engine-5.8.2.jar:5.8.2]
	at org.junit.platform.engine.support.hierarchical.NodeTestTask.lambda$prepare$2(NodeTestTask.java:123) ~[junit-platform-engine-1.8.2.jar:1.8.2]
	at org.junit.platform.engine.support.hierarchical.ThrowableCollector.execute(ThrowableCollector.java:73) ~[junit-platform-engine-1.8.2.jar:1.8.2]
	at org.junit.platform.engine.support.hierarchical.NodeTestTask.prepare(NodeTestTask.java:123) ~[junit-platform-engine-1.8.2.jar:1.8.2]
	at org.junit.platform.engine.support.hierarchical.NodeTestTask.execute(NodeTestTask.java:90) ~[junit-platform-engine-1.8.2.jar:1.8.2]
	at java.base/java.util.ArrayList.forEach(ArrayList.java:1511) ~[na:na]
	at org.junit.platform.engine.support.hierarchical.SameThreadHierarchicalTestExecutorService.invokeAll(SameThreadHierarchicalTestExecutorService.java:41) ~[junit-platform-engine-1.8.2.jar:1.8.2]
	at org.junit.platform.engine.support.hierarchical.NodeTestTask.lambda$executeRecursively$6(NodeTestTask.java:155) ~[junit-platform-engine-1.8.2.jar:1.8.2]
	at org.junit.platform.engine.support.hierarchical.ThrowableCollector.execute(ThrowableCollector.java:73) ~[junit-platform-engine-1.8.2.jar:1.8.2]
	at org.junit.platform.engine.support.hierarchical.NodeTestTask.lambda$executeRecursively$8(NodeTestTask.java:141) ~[junit-platform-engine-1.8.2.jar:1.8.2]
	at org.junit.platform.engine.support.hierarchical.Node.around(Node.java:137) ~[junit-platform-engine-1.8.2.jar:1.8.2]
	at org.junit.platform.engine.support.hierarchical.NodeTestTask.lambda$executeRecursively$9(NodeTestTask.java:139) ~[junit-platform-engine-1.8.2.jar:1.8.2]
	at org.junit.platform.engine.support.hierarchical.ThrowableCollector.execute(ThrowableCollector.java:73) ~[junit-platform-engine-1.8.2.jar:1.8.2]
	at org.junit.platform.engine.support.hierarchical.NodeTestTask.executeRecursively(NodeTestTask.java:138) ~[junit-platform-engine-1.8.2.jar:1.8.2]
	at org.junit.platform.engine.support.hierarchical.NodeTestTask.execute(NodeTestTask.java:95) ~[junit-platform-engine-1.8.2.jar:1.8.2]
	at java.base/java.util.ArrayList.forEach(ArrayList.java:1511) ~[na:na]
	at org.junit.platform.engine.support.hierarchical.SameThreadHierarchicalTestExecutorService.invokeAll(SameThreadHierarchicalTestExecutorService.java:41) ~[junit-platform-engine-1.8.2.jar:1.8.2]
	at org.junit.platform.engine.support.hierarchical.NodeTestTask.lambda$executeRecursively$6(NodeTestTask.java:155) ~[junit-platform-engine-1.8.2.jar:1.8.2]
	at org.junit.platform.engine.support.hierarchical.ThrowableCollector.execute(ThrowableCollector.java:73) ~[junit-platform-engine-1.8.2.jar:1.8.2]
	at org.junit.platform.engine.support.hierarchical.NodeTestTask.lambda$executeRecursively$8(NodeTestTask.java:141) ~[junit-platform-engine-1.8.2.jar:1.8.2]
	at org.junit.platform.engine.support.hierarchical.Node.around(Node.java:137) ~[junit-platform-engine-1.8.2.jar:1.8.2]
	at org.junit.platform.engine.support.hierarchical.NodeTestTask.lambda$executeRecursively$9(NodeTestTask.java:139) ~[junit-platform-engine-1.8.2.jar:1.8.2]
	at org.junit.platform.engine.support.hierarchical.ThrowableCollector.execute(ThrowableCollector.java:73) ~[junit-platform-engine-1.8.2.jar:1.8.2]
	at org.junit.platform.engine.support.hierarchical.NodeTestTask.executeRecursively(NodeTestTask.java:138) ~[junit-platform-engine-1.8.2.jar:1.8.2]
	at org.junit.platform.engine.support.hierarchical.NodeTestTask.execute(NodeTestTask.java:95) ~[junit-platform-engine-1.8.2.jar:1.8.2]
	at org.junit.platform.engine.support.hierarchical.SameThreadHierarchicalTestExecutorService.submit(SameThreadHierarchicalTestExecutorService.java:35) ~[junit-platform-engine-1.8.2.jar:1.8.2]
	at org.junit.platform.engine.support.hierarchical.HierarchicalTestExecutor.execute(HierarchicalTestExecutor.java:57) ~[junit-platform-engine-1.8.2.jar:1.8.2]
	at org.junit.platform.engine.support.hierarchical.HierarchicalTestEngine.execute(HierarchicalTestEngine.java:54) ~[junit-platform-engine-1.8.2.jar:1.8.2]
	at org.junit.platform.launcher.core.DefaultLauncher.execute(DefaultLauncher.java:220) ~[junit-platform-launcher-1.3.1.jar:1.3.1]
	at org.junit.platform.launcher.core.DefaultLauncher.lambda$execute$6(DefaultLauncher.java:188) ~[junit-platform-launcher-1.3.1.jar:1.3.1]
	at org.junit.platform.launcher.core.DefaultLauncher.withInterceptedStreams(DefaultLauncher.java:202) ~[junit-platform-launcher-1.3.1.jar:1.3.1]
	at org.junit.platform.launcher.core.DefaultLauncher.execute(DefaultLauncher.java:181) ~[junit-platform-launcher-1.3.1.jar:1.3.1]
	at org.junit.platform.launcher.core.DefaultLauncher.execute(DefaultLauncher.java:128) ~[junit-platform-launcher-1.3.1.jar:1.3.1]
	at org.apache.maven.surefire.junitplatform.JUnitPlatformProvider.invokeAllTests(JUnitPlatformProvider.java:150) ~[surefire-junit-platform-2.22.2.jar:2.22.2]
	at org.apache.maven.surefire.junitplatform.JUnitPlatformProvider.invoke(JUnitPlatformProvider.java:124) ~[surefire-junit-platform-2.22.2.jar:2.22.2]
	at org.apache.maven.surefire.booter.ForkedBooter.invokeProviderInSameClassLoader(ForkedBooter.java:384) ~[surefire-booter-2.22.2.jar:2.22.2]
	at org.apache.maven.surefire.booter.ForkedBooter.runSuitesInProcess(ForkedBooter.java:345) ~[surefire-booter-2.22.2.jar:2.22.2]
	at org.apache.maven.surefire.booter.ForkedBooter.execute(ForkedBooter.java:126) ~[surefire-booter-2.22.2.jar:2.22.2]
	at org.apache.maven.surefire.booter.ForkedBooter.main(ForkedBooter.java:418) ~[surefire-booter-2.22.2.jar:2.22.2]
Caused by: java.lang.IllegalArgumentException: Could not resolve placeholder 'AWS_BUCKET_NAME' in value "${AWS_BUCKET_NAME}"
	at org.springframework.util.PropertyPlaceholderHelper.parseStringValue(PropertyPlaceholderHelper.java:180) ~[spring-core-5.3.28.jar:5.3.28]
	at org.springframework.util.PropertyPlaceholderHelper.replacePlaceholders(PropertyPlaceholderHelper.java:126) ~[spring-core-5.3.28.jar:5.3.28]
	at org.springframework.core.env.AbstractPropertyResolver.doResolvePlaceholders(AbstractPropertyResolver.java:239) ~[spring-core-5.3.28.jar:5.3.28]
	at org.springframework.core.env.AbstractPropertyResolver.resolveRequiredPlaceholders(AbstractPropertyResolver.java:210) ~[spring-core-5.3.28.jar:5.3.28]
	at org.springframework.core.env.AbstractPropertyResolver.resolveNestedPlaceholders(AbstractPropertyResolver.java:230) ~[spring-core-5.3.28.jar:5.3.28]
	at org.springframework.boot.context.properties.source.ConfigurationPropertySourcesPropertyResolver.getProperty(ConfigurationPropertySourcesPropertyResolver.java:79) ~[spring-boot-2.7.13.jar:2.7.13]
	at org.springframework.boot.context.properties.source.ConfigurationPropertySourcesPropertyResolver.getProperty(ConfigurationPropertySourcesPropertyResolver.java:60) ~[spring-boot-2.7.13.jar:2.7.13]
	at org.springframework.core.env.AbstractEnvironment.getProperty(AbstractEnvironment.java:594) ~[spring-core-5.3.28.jar:5.3.28]
	at org.springframework.context.support.PropertySourcesPlaceholderConfigurer$1.getProperty(PropertySourcesPlaceholderConfigurer.java:153) ~[spring-context-5.3.28.jar:5.3.28]
	at org.springframework.context.support.PropertySourcesPlaceholderConfigurer$1.getProperty(PropertySourcesPlaceholderConfigurer.java:149) ~[spring-context-5.3.28.jar:5.3.28]
	at org.springframework.core.env.PropertySourcesPropertyResolver.getProperty(PropertySourcesPropertyResolver.java:85) ~[spring-core-5.3.28.jar:5.3.28]
	at org.springframework.core.env.PropertySourcesPropertyResolver.getPropertyAsRawString(PropertySourcesPropertyResolver.java:74) ~[spring-core-5.3.28.jar:5.3.28]
	at org.springframework.util.PropertyPlaceholderHelper.parseStringValue(PropertyPlaceholderHelper.java:153) ~[spring-core-5.3.28.jar:5.3.28]
	at org.springframework.util.PropertyPlaceholderHelper.replacePlaceholders(PropertyPlaceholderHelper.java:126) ~[spring-core-5.3.28.jar:5.3.28]
	at org.springframework.core.env.AbstractPropertyResolver.doResolvePlaceholders(AbstractPropertyResolver.java:239) ~[spring-core-5.3.28.jar:5.3.28]
	at org.springframework.core.env.AbstractPropertyResolver.resolveRequiredPlaceholders(AbstractPropertyResolver.java:210) ~[spring-core-5.3.28.jar:5.3.28]
	at org.springframework.context.support.PropertySourcesPlaceholderConfigurer.lambda$processProperties$0(PropertySourcesPlaceholderConfigurer.java:191) ~[spring-context-5.3.28.jar:5.3.28]
	at org.springframework.beans.factory.support.AbstractBeanFactory.resolveEmbeddedValue(AbstractBeanFactory.java:936) ~[spring-beans-5.3.28.jar:5.3.28]
	at org.springframework.beans.factory.support.DefaultListableBeanFactory.doResolveDependency(DefaultListableBeanFactory.java:1332) ~[spring-beans-5.3.28.jar:5.3.28]
	at org.springframework.beans.factory.support.DefaultListableBeanFactory.resolveDependency(DefaultListableBeanFactory.java:1311) ~[spring-beans-5.3.28.jar:5.3.28]
	at org.springframework.beans.factory.annotation.AutowiredAnnotationBeanPostProcessor$AutowiredFieldElement.resolveFieldValue(AutowiredAnnotationBeanPostProcessor.java:657) ~[spring-beans-5.3.28.jar:5.3.28]
	at org.springframework.beans.factory.annotation.AutowiredAnnotationBeanPostProcessor$AutowiredFieldElement.inject(AutowiredAnnotationBeanPostProcessor.java:640) ~[spring-beans-5.3.28.jar:5.3.28]
	at org.springframework.beans.factory.annotation.InjectionMetadata.inject(InjectionMetadata.java:119) ~[spring-beans-5.3.28.jar:5.3.28]
	at org.springframework.beans.factory.annotation.AutowiredAnnotationBeanPostProcessor.postProcessProperties(AutowiredAnnotationBeanPostProcessor.java:399) ~[spring-beans-5.3.28.jar:5.3.28]
	... 83 common frames omitted

2023-07-18 19:03:47.844 ERROR 7328 --- [           main] o.s.test.context.TestContextManager      : Caught exception while allowing TestExecutionListener [org.springframework.test.context.web.ServletTestExecutionListener@50468873] to prepare test instance [com.nocountry.powerfit.PowerfitApplicationTests@47ab3688]

java.lang.IllegalStateException: Failed to load ApplicationContext
	at org.springframework.test.context.cache.DefaultCacheAwareContextLoaderDelegate.loadContext(DefaultCacheAwareContextLoaderDelegate.java:98) ~[spring-test-5.3.28.jar:5.3.28]
	at org.springframework.test.context.support.DefaultTestContext.getApplicationContext(DefaultTestContext.java:124) ~[spring-test-5.3.28.jar:5.3.28]
	at org.springframework.test.context.web.ServletTestExecutionListener.setUpRequestContextIfNecessary(ServletTestExecutionListener.java:190) ~[spring-test-5.3.28.jar:5.3.28]
	at org.springframework.test.context.web.ServletTestExecutionListener.prepareTestInstance(ServletTestExecutionListener.java:132) ~[spring-test-5.3.28.jar:5.3.28]
	at org.springframework.test.context.TestContextManager.prepareTestInstance(TestContextManager.java:248) ~[spring-test-5.3.28.jar:5.3.28]
	at org.springframework.test.context.junit.jupiter.SpringExtension.postProcessTestInstance(SpringExtension.java:138) ~[spring-test-5.3.28.jar:5.3.28]
	at org.junit.jupiter.engine.descriptor.ClassBasedTestDescriptor.lambda$invokeTestInstancePostProcessors$8(ClassBasedTestDescriptor.java:363) ~[junit-jupiter-engine-5.8.2.jar:5.8.2]
	at org.junit.jupiter.engine.descriptor.ClassBasedTestDescriptor.executeAndMaskThrowable(ClassBasedTestDescriptor.java:368) ~[junit-jupiter-engine-5.8.2.jar:5.8.2]
	at org.junit.jupiter.engine.descriptor.ClassBasedTestDescriptor.lambda$invokeTestInstancePostProcessors$9(ClassBasedTestDescriptor.java:363) ~[junit-jupiter-engine-5.8.2.jar:5.8.2]
	at java.base/java.util.stream.ReferencePipeline$3$1.accept(ReferencePipeline.java:197) ~[na:na]
	at java.base/java.util.stream.ReferencePipeline$2$1.accept(ReferencePipeline.java:179) ~[na:na]
	at java.base/java.util.ArrayList$ArrayListSpliterator.forEachRemaining(ArrayList.java:1625) ~[na:na]
	at java.base/java.util.stream.AbstractPipeline.copyInto(AbstractPipeline.java:509) ~[na:na]
	at java.base/java.util.stream.AbstractPipeline.wrapAndCopyInto(AbstractPipeline.java:499) ~[na:na]
	at java.base/java.util.stream.StreamSpliterators$WrappingSpliterator.forEachRemaining(StreamSpliterators.java:310) ~[na:na]
	at java.base/java.util.stream.Streams$ConcatSpliterator.forEachRemaining(Streams.java:735) ~[na:na]
	at java.base/java.util.stream.Streams$ConcatSpliterator.forEachRemaining(Streams.java:734) ~[na:na]
	at java.base/java.util.stream.ReferencePipeline$Head.forEach(ReferencePipeline.java:762) ~[na:na]
	at org.junit.jupiter.engine.descriptor.ClassBasedTestDescriptor.invokeTestInstancePostProcessors(ClassBasedTestDescriptor.java:362) ~[junit-jupiter-engine-5.8.2.jar:5.8.2]
	at org.junit.jupiter.engine.descriptor.ClassBasedTestDescriptor.lambda$instantiateAndPostProcessTestInstance$6(ClassBasedTestDescriptor.java:283) ~[junit-jupiter-engine-5.8.2.jar:5.8.2]
	at org.junit.platform.engine.support.hierarchical.ThrowableCollector.execute(ThrowableCollector.java:73) ~[junit-platform-engine-1.8.2.jar:1.8.2]
	at org.junit.jupiter.engine.descriptor.ClassBasedTestDescriptor.instantiateAndPostProcessTestInstance(ClassBasedTestDescriptor.java:282) ~[junit-jupiter-engine-5.8.2.jar:5.8.2]
	at org.junit.jupiter.engine.descriptor.ClassBasedTestDescriptor.lambda$testInstancesProvider$4(ClassBasedTestDescriptor.java:272) ~[junit-jupiter-engine-5.8.2.jar:5.8.2]
	at java.base/java.util.Optional.orElseGet(Optional.java:364) ~[na:na]
	at org.junit.jupiter.engine.descriptor.ClassBasedTestDescriptor.lambda$testInstancesProvider$5(ClassBasedTestDescriptor.java:271) ~[junit-jupiter-engine-5.8.2.jar:5.8.2]
	at org.junit.jupiter.engine.execution.TestInstancesProvider.getTestInstances(TestInstancesProvider.java:31) ~[junit-jupiter-engine-5.8.2.jar:5.8.2]
	at org.junit.jupiter.engine.descriptor.TestMethodTestDescriptor.lambda$prepare$0(TestMethodTestDescriptor.java:102) ~[junit-jupiter-engine-5.8.2.jar:5.8.2]
	at org.junit.platform.engine.support.hierarchical.ThrowableCollector.execute(ThrowableCollector.java:73) ~[junit-platform-engine-1.8.2.jar:1.8.2]
	at org.junit.jupiter.engine.descriptor.TestMethodTestDescriptor.prepare(TestMethodTestDescriptor.java:101) ~[junit-jupiter-engine-5.8.2.jar:5.8.2]
	at org.junit.jupiter.engine.descriptor.TestMethodTestDescriptor.prepare(TestMethodTestDescriptor.java:66) ~[junit-jupiter-engine-5.8.2.jar:5.8.2]
	at org.junit.platform.engine.support.hierarchical.NodeTestTask.lambda$prepare$2(NodeTestTask.java:123) ~[junit-platform-engine-1.8.2.jar:1.8.2]
	at org.junit.platform.engine.support.hierarchical.ThrowableCollector.execute(ThrowableCollector.java:73) ~[junit-platform-engine-1.8.2.jar:1.8.2]
	at org.junit.platform.engine.support.hierarchical.NodeTestTask.prepare(NodeTestTask.java:123) ~[junit-platform-engine-1.8.2.jar:1.8.2]
	at org.junit.platform.engine.support.hierarchical.NodeTestTask.execute(NodeTestTask.java:90) ~[junit-platform-engine-1.8.2.jar:1.8.2]
	at java.base/java.util.ArrayList.forEach(ArrayList.java:1511) ~[na:na]
	at org.junit.platform.engine.support.hierarchical.SameThreadHierarchicalTestExecutorService.invokeAll(SameThreadHierarchicalTestExecutorService.java:41) ~[junit-platform-engine-1.8.2.jar:1.8.2]
	at org.junit.platform.engine.support.hierarchical.NodeTestTask.lambda$executeRecursively$6(NodeTestTask.java:155) ~[junit-platform-engine-1.8.2.jar:1.8.2]
	at org.junit.platform.engine.support.hierarchical.ThrowableCollector.execute(ThrowableCollector.java:73) ~[junit-platform-engine-1.8.2.jar:1.8.2]
	at org.junit.platform.engine.support.hierarchical.NodeTestTask.lambda$executeRecursively$8(NodeTestTask.java:141) ~[junit-platform-engine-1.8.2.jar:1.8.2]
	at org.junit.platform.engine.support.hierarchical.Node.around(Node.java:137) ~[junit-platform-engine-1.8.2.jar:1.8.2]
	at org.junit.platform.engine.support.hierarchical.NodeTestTask.lambda$executeRecursively$9(NodeTestTask.java:139) ~[junit-platform-engine-1.8.2.jar:1.8.2]
	at org.junit.platform.engine.support.hierarchical.ThrowableCollector.execute(ThrowableCollector.java:73) ~[junit-platform-engine-1.8.2.jar:1.8.2]
	at org.junit.platform.engine.support.hierarchical.NodeTestTask.executeRecursively(NodeTestTask.java:138) ~[junit-platform-engine-1.8.2.jar:1.8.2]
	at org.junit.platform.engine.support.hierarchical.NodeTestTask.execute(NodeTestTask.java:95) ~[junit-platform-engine-1.8.2.jar:1.8.2]
	at java.base/java.util.ArrayList.forEach(ArrayList.java:1511) ~[na:na]
	at org.junit.platform.engine.support.hierarchical.SameThreadHierarchicalTestExecutorService.invokeAll(SameThreadHierarchicalTestExecutorService.java:41) ~[junit-platform-engine-1.8.2.jar:1.8.2]
	at org.junit.platform.engine.support.hierarchical.NodeTestTask.lambda$executeRecursively$6(NodeTestTask.java:155) ~[junit-platform-engine-1.8.2.jar:1.8.2]
	at org.junit.platform.engine.support.hierarchical.ThrowableCollector.execute(ThrowableCollector.java:73) ~[junit-platform-engine-1.8.2.jar:1.8.2]
	at org.junit.platform.engine.support.hierarchical.NodeTestTask.lambda$executeRecursively$8(NodeTestTask.java:141) ~[junit-platform-engine-1.8.2.jar:1.8.2]
	at org.junit.platform.engine.support.hierarchical.Node.around(Node.java:137) ~[junit-platform-engine-1.8.2.jar:1.8.2]
	at org.junit.platform.engine.support.hierarchical.NodeTestTask.lambda$executeRecursively$9(NodeTestTask.java:139) ~[junit-platform-engine-1.8.2.jar:1.8.2]
	at org.junit.platform.engine.support.hierarchical.ThrowableCollector.execute(ThrowableCollector.java:73) ~[junit-platform-engine-1.8.2.jar:1.8.2]
	at org.junit.platform.engine.support.hierarchical.NodeTestTask.executeRecursively(NodeTestTask.java:138) ~[junit-platform-engine-1.8.2.jar:1.8.2]
	at org.junit.platform.engine.support.hierarchical.NodeTestTask.execute(NodeTestTask.java:95) ~[junit-platform-engine-1.8.2.jar:1.8.2]
	at org.junit.platform.engine.support.hierarchical.SameThreadHierarchicalTestExecutorService.submit(SameThreadHierarchicalTestExecutorService.java:35) ~[junit-platform-engine-1.8.2.jar:1.8.2]
	at org.junit.platform.engine.support.hierarchical.HierarchicalTestExecutor.execute(HierarchicalTestExecutor.java:57) ~[junit-platform-engine-1.8.2.jar:1.8.2]
	at org.junit.platform.engine.support.hierarchical.HierarchicalTestEngine.execute(HierarchicalTestEngine.java:54) ~[junit-platform-engine-1.8.2.jar:1.8.2]
	at org.junit.platform.launcher.core.DefaultLauncher.execute(DefaultLauncher.java:220) ~[junit-platform-launcher-1.3.1.jar:1.3.1]
	at org.junit.platform.launcher.core.DefaultLauncher.lambda$execute$6(DefaultLauncher.java:188) ~[junit-platform-launcher-1.3.1.jar:1.3.1]
	at org.junit.platform.launcher.core.DefaultLauncher.withInterceptedStreams(DefaultLauncher.java:202) ~[junit-platform-launcher-1.3.1.jar:1.3.1]
	at org.junit.platform.launcher.core.DefaultLauncher.execute(DefaultLauncher.java:181) ~[junit-platform-launcher-1.3.1.jar:1.3.1]
	at org.junit.platform.launcher.core.DefaultLauncher.execute(DefaultLauncher.java:128) ~[junit-platform-launcher-1.3.1.jar:1.3.1]
	at org.apache.maven.surefire.junitplatform.JUnitPlatformProvider.invokeAllTests(JUnitPlatformProvider.java:150) ~[surefire-junit-platform-2.22.2.jar:2.22.2]
	at org.apache.maven.surefire.junitplatform.JUnitPlatformProvider.invoke(JUnitPlatformProvider.java:124) ~[surefire-junit-platform-2.22.2.jar:2.22.2]
	at org.apache.maven.surefire.booter.ForkedBooter.invokeProviderInSameClassLoader(ForkedBooter.java:384) ~[surefire-booter-2.22.2.jar:2.22.2]
	at org.apache.maven.surefire.booter.ForkedBooter.runSuitesInProcess(ForkedBooter.java:345) ~[surefire-booter-2.22.2.jar:2.22.2]
	at org.apache.maven.surefire.booter.ForkedBooter.execute(ForkedBooter.java:126) ~[surefire-booter-2.22.2.jar:2.22.2]
	at org.apache.maven.surefire.booter.ForkedBooter.main(ForkedBooter.java:418) ~[surefire-booter-2.22.2.jar:2.22.2]
Caused by: org.springframework.beans.factory.BeanCreationException: Error creating bean with name 'awsConfig': Injection of autowired dependencies failed; nested exception is java.lang.IllegalArgumentException: Could not resolve placeholder 'AWS_BUCKET_NAME' in value "${AWS_BUCKET_NAME}"
	at org.springframework.beans.factory.annotation.AutowiredAnnotationBeanPostProcessor.postProcessProperties(AutowiredAnnotationBeanPostProcessor.java:405) ~[spring-beans-5.3.28.jar:5.3.28]
	at org.springframework.beans.factory.support.AbstractAutowireCapableBeanFactory.populateBean(AbstractAutowireCapableBeanFactory.java:1431) ~[spring-beans-5.3.28.jar:5.3.28]
	at org.springframework.beans.factory.support.AbstractAutowireCapableBeanFactory.doCreateBean(AbstractAutowireCapableBeanFactory.java:619) ~[spring-beans-5.3.28.jar:5.3.28]
	at org.springframework.beans.factory.support.AbstractAutowireCapableBeanFactory.createBean(AbstractAutowireCapableBeanFactory.java:542) ~[spring-beans-5.3.28.jar:5.3.28]
	at org.springframework.beans.factory.support.AbstractBeanFactory.lambda$doGetBean$0(AbstractBeanFactory.java:335) ~[spring-beans-5.3.28.jar:5.3.28]
	at org.springframework.beans.factory.support.DefaultSingletonBeanRegistry.getSingleton(DefaultSingletonBeanRegistry.java:234) ~[spring-beans-5.3.28.jar:5.3.28]
	at org.springframework.beans.factory.support.AbstractBeanFactory.doGetBean(AbstractBeanFactory.java:333) ~[spring-beans-5.3.28.jar:5.3.28]
	at org.springframework.beans.factory.support.AbstractBeanFactory.getBean(AbstractBeanFactory.java:208) ~[spring-beans-5.3.28.jar:5.3.28]
	at org.springframework.beans.factory.support.DefaultListableBeanFactory.preInstantiateSingletons(DefaultListableBeanFactory.java:955) ~[spring-beans-5.3.28.jar:5.3.28]
	at org.springframework.context.support.AbstractApplicationContext.finishBeanFactoryInitialization(AbstractApplicationContext.java:920) ~[spring-context-5.3.28.jar:5.3.28]
	at org.springframework.context.support.AbstractApplicationContext.refresh(AbstractApplicationContext.java:583) ~[spring-context-5.3.28.jar:5.3.28]
	at org.springframework.boot.SpringApplication.refresh(SpringApplication.java:731) ~[spring-boot-2.7.13.jar:2.7.13]
	at org.springframework.boot.SpringApplication.refreshContext(SpringApplication.java:408) ~[spring-boot-2.7.13.jar:2.7.13]
	at org.springframework.boot.SpringApplication.run(SpringApplication.java:307) ~[spring-boot-2.7.13.jar:2.7.13]
	at org.springframework.boot.test.context.SpringBootContextLoader.loadContext(SpringBootContextLoader.java:136) ~[spring-boot-test-2.7.13.jar:2.7.13]
	at org.springframework.test.context.cache.DefaultCacheAwareContextLoaderDelegate.loadContextInternal(DefaultCacheAwareContextLoaderDelegate.java:141) ~[spring-test-5.3.28.jar:5.3.28]
	at org.springframework.test.context.cache.DefaultCacheAwareContextLoaderDelegate.loadContext(DefaultCacheAwareContextLoaderDelegate.java:90) ~[spring-test-5.3.28.jar:5.3.28]
	... 67 common frames omitted
Caused by: java.lang.IllegalArgumentException: Could not resolve placeholder 'AWS_BUCKET_NAME' in value "${AWS_BUCKET_NAME}"
	at org.springframework.util.PropertyPlaceholderHelper.parseStringValue(PropertyPlaceholderHelper.java:180) ~[spring-core-5.3.28.jar:5.3.28]
	at org.springframework.util.PropertyPlaceholderHelper.replacePlaceholders(PropertyPlaceholderHelper.java:126) ~[spring-core-5.3.28.jar:5.3.28]
	at org.springframework.core.env.AbstractPropertyResolver.doResolvePlaceholders(AbstractPropertyResolver.java:239) ~[spring-core-5.3.28.jar:5.3.28]
	at org.springframework.core.env.AbstractPropertyResolver.resolveRequiredPlaceholders(AbstractPropertyResolver.java:210) ~[spring-core-5.3.28.jar:5.3.28]
	at org.springframework.core.env.AbstractPropertyResolver.resolveNestedPlaceholders(AbstractPropertyResolver.java:230) ~[spring-core-5.3.28.jar:5.3.28]
	at org.springframework.boot.context.properties.source.ConfigurationPropertySourcesPropertyResolver.getProperty(ConfigurationPropertySourcesPropertyResolver.java:79) ~[spring-boot-2.7.13.jar:2.7.13]
	at org.springframework.boot.context.properties.source.ConfigurationPropertySourcesPropertyResolver.getProperty(ConfigurationPropertySourcesPropertyResolver.java:60) ~[spring-boot-2.7.13.jar:2.7.13]
	at org.springframework.core.env.AbstractEnvironment.getProperty(AbstractEnvironment.java:594) ~[spring-core-5.3.28.jar:5.3.28]
	at org.springframework.context.support.PropertySourcesPlaceholderConfigurer$1.getProperty(PropertySourcesPlaceholderConfigurer.java:153) ~[spring-context-5.3.28.jar:5.3.28]
	at org.springframework.context.support.PropertySourcesPlaceholderConfigurer$1.getProperty(PropertySourcesPlaceholderConfigurer.java:149) ~[spring-context-5.3.28.jar:5.3.28]
	at org.springframework.core.env.PropertySourcesPropertyResolver.getProperty(PropertySourcesPropertyResolver.java:85) ~[spring-core-5.3.28.jar:5.3.28]
	at org.springframework.core.env.PropertySourcesPropertyResolver.getPropertyAsRawString(PropertySourcesPropertyResolver.java:74) ~[spring-core-5.3.28.jar:5.3.28]
	at org.springframework.util.PropertyPlaceholderHelper.parseStringValue(PropertyPlaceholderHelper.java:153) ~[spring-core-5.3.28.jar:5.3.28]
	at org.springframework.util.PropertyPlaceholderHelper.replacePlaceholders(PropertyPlaceholderHelper.java:126) ~[spring-core-5.3.28.jar:5.3.28]
	at org.springframework.core.env.AbstractPropertyResolver.doResolvePlaceholders(AbstractPropertyResolver.java:239) ~[spring-core-5.3.28.jar:5.3.28]
	at org.springframework.core.env.AbstractPropertyResolver.resolveRequiredPlaceholders(AbstractPropertyResolver.java:210) ~[spring-core-5.3.28.jar:5.3.28]
	at org.springframework.context.support.PropertySourcesPlaceholderConfigurer.lambda$processProperties$0(PropertySourcesPlaceholderConfigurer.java:191) ~[spring-context-5.3.28.jar:5.3.28]
	at org.springframework.beans.factory.support.AbstractBeanFactory.resolveEmbeddedValue(AbstractBeanFactory.java:936) ~[spring-beans-5.3.28.jar:5.3.28]
	at org.springframework.beans.factory.support.DefaultListableBeanFactory.doResolveDependency(DefaultListableBeanFactory.java:1332) ~[spring-beans-5.3.28.jar:5.3.28]
	at org.springframework.beans.factory.support.DefaultListableBeanFactory.resolveDependency(DefaultListableBeanFactory.java:1311) ~[spring-beans-5.3.28.jar:5.3.28]
	at org.springframework.beans.factory.annotation.AutowiredAnnotationBeanPostProcessor$AutowiredFieldElement.resolveFieldValue(AutowiredAnnotationBeanPostProcessor.java:657) ~[spring-beans-5.3.28.jar:5.3.28]
	at org.springframework.beans.factory.annotation.AutowiredAnnotationBeanPostProcessor$AutowiredFieldElement.inject(AutowiredAnnotationBeanPostProcessor.java:640) ~[spring-beans-5.3.28.jar:5.3.28]
	at org.springframework.beans.factory.annotation.InjectionMetadata.inject(InjectionMetadata.java:119) ~[spring-beans-5.3.28.jar:5.3.28]
	at org.springframework.beans.factory.annotation.AutowiredAnnotationBeanPostProcessor.postProcessProperties(AutowiredAnnotationBeanPostProcessor.java:399) ~[spring-beans-5.3.28.jar:5.3.28]
	... 83 common frames omitted

]]></system-out>
  </testcase>
</testsuite>